#
# A fatal error has been detected by the Java Runtime Environment:
#
#  SIGSEGV (0xb) at pc=0x00007f81beeeea4b, pid=65146, tid=65212
#
# JRE version: OpenJDK Runtime Environment (Red_Hat-17.0.17.0.10-1) (17.0.17+10) (build 17.0.17+10-LTS)
# Java VM: OpenJDK 64-Bit Server VM (Red_Hat-17.0.17.0.10-1) (17.0.17+10-LTS, mixed mode, sharing, tiered, compressed oops, compressed class ptrs, g1 gc, linux-amd64)
# Problematic frame:
# V  [libjvm.so+0xceea4b]  PhaseChaitin::post_allocate_copy_removal()+0x6ab
#
# Core dump will be written. Default location: Core dumps may be processed with "/usr/lib/systemd/systemd-coredump %P %u %g %s %t %c %h %d %F" (or dumping to /home/zxovq55/cloned_repo/modules/core.65146)
#
# If you would like to submit a bug report, please visit:
#   https://access.redhat.com/support/cases/
#

---------------  S U M M A R Y ------------

Command Line: /home-link/zxovq55/.nextflow/lsp/v25.10/v25.10.1.jar

Host: AMD Ryzen Threadripper 2990WX 32-Core Processor, 64 cores, 125G, Rocky Linux release 9.7 (Blue Onyx)
Time: Mon Jan  5 12:13:31 2026 CET elapsed time: 0.373839 seconds (0d 0h 0m 0s)

---------------  T H R E A D  ---------------

Current thread (0x00007f808800bf00):  JavaThread "C2 CompilerThread4" daemon [_thread_in_native, id=65212, stack(0x00007f814587e000,0x00007f814597e000)]


Current CompileTask:
C2:373 1032       4       java.io.DataInputStream::readUTF (501 bytes)

Stack: [0x00007f814587e000,0x00007f814597e000],  sp=0x00007f81459791d0,  free space=1004k
Native frames: (J=compiled Java code, j=interpreted, Vv=VM code, C=native code)
V  [libjvm.so+0xceea4b]  PhaseChaitin::post_allocate_copy_removal()+0x6ab
V  [libjvm.so+0x560637]  PhaseChaitin::Register_Allocate()+0x9c7
V  [libjvm.so+0x5f3e58]  Compile::Code_Gen()+0x348
V  [libjvm.so+0x5f9a0c]  Compile::Compile(ciEnv*, ciMethod*, int, bool, bool, bool, bool, bool, DirectiveSet*)+0x13cc
V  [libjvm.so+0x533438]  C2Compiler::compile_method(ciEnv*, ciMethod*, int, bool, DirectiveSet*)+0x108
V  [libjvm.so+0x602973]  CompileBroker::invoke_compiler_on_method(CompileTask*)+0xee3
V  [libjvm.so+0x603918]  CompileBroker::compiler_thread_loop()+0x728
V  [libjvm.so+0xeef52a]  JavaThread::thread_main_inner()+0x1ea
V  [libjvm.so+0xef30ed]  Thread::call_run()+0xbd
V  [libjvm.so+0xc9b88b]  thread_native_entry(Thread*)+0xeb


siginfo: si_signo: 11 (SIGSEGV), si_code: 1 (SEGV_MAPERR), si_addr: 0x000000000000004c

Registers:
RAX=0x00007f80640bc848, RBX=0x00007f8058101938, RCX=0x000000000000009e, RDX=0x0000000000000000
RSP=0x00007f81459791d0, RBP=0x00007f81459793b0, RSI=0x00007f80640bd048, RDI=0x00007f8058101450
R8 =0x00007f80640bc370, R9 =0x0000000000000001, R10=0x000000000000000c, R11=0x00007f8094008560
R12=0x00007f80640bc460, R13=0x00007f8070024f00, R14=0x0000000000000010, R15=0x00007f8145979830
RIP=0x00007f81beeeea4b, EFLAGS=0x0000000000010287, CSGSFS=0x002b000000000033, ERR=0x0000000000000004
  TRAPNO=0x000000000000000e

XMM[0]=0x0000000000000000 0x0000000000000000
XMM[1]=0x00007f806407c7d0 0x00007f806407c7d0
XMM[2]=0x00007f806407c7d0 0x00007f806407c7d0
XMM[3]=0x00007f8060069f88 0x00007f8060069c90
XMM[4]=0x0000000000000000 0x0000000000000000
XMM[5]=0x0000000000000000 0x0000000000000000
XMM[6]=0x0000000000000000 0x0000000000000000
XMM[7]=0x0000000000000000 0x0000000000000000
XMM[8]=0x0000000000000000 0x3ffff579380b73d1
XMM[9]=0x0000000000000000 0x4008000000000000
XMM[10]=0x0000000000000000 0x46293e5939a08cea
XMM[11]=0x0000000000000000 0x4376345785d8a000
XMM[12]=0x00007f80b4139830 0x00007f80b41397d0
XMM[13]=0x00007f8145979320 0x00007f81bf4a97f8
XMM[14]=0x0000000000000000 0x0000000000000000
XMM[15]=0x0000000000000000 0x0000000000000000
  MXCSR=0x00001fa0


Register to memory mapping:

RAX=0x00007f80640bc848 points into unknown readable memory: 0x0000000000000000 | 00 00 00 00 00 00 00 00
RBX=0x00007f8058101938 points into unknown readable memory: 0x00007f8070024f00 | 00 4f 02 70 80 7f 00 00
RCX=0x000000000000009e is an unknown value
RDX=0x0 is NULL
RSP=0x00007f81459791d0 is pointing into the stack for thread: 0x00007f808800bf00
RBP=0x00007f81459793b0 is pointing into the stack for thread: 0x00007f808800bf00
RSI=0x00007f80640bd048 points into unknown readable memory: 0x0000000000000000 | 00 00 00 00 00 00 00 00
RDI=0x00007f8058101450 points into unknown readable memory: 0x0000000000000000 | 00 00 00 00 00 00 00 00
R8 =0x00007f80640bc370 points into unknown readable memory: 0x00007f81bf496830 | 30 68 49 bf 81 7f 00 00
R9 =0x0000000000000001 is an unknown value
R10=0x000000000000000c is an unknown value
R11=0x00007f8094008560 points into unknown readable memory: 0x00007f808800c4b0 | b0 c4 00 88 80 7f 00 00
R12=0x00007f80640bc460 points into unknown readable memory: 0x00007f81bf4efba0 | a0 fb 4e bf 81 7f 00 00
R13=0x00007f8070024f00 points into unknown readable memory: 0x00007f808800c4b0 | b0 c4 00 88 80 7f 00 00
R14=0x0000000000000010 is an unknown value
R15=0x00007f8145979830 is pointing into the stack for thread: 0x00007f808800bf00


Top of Stack: (sp=0x00007f81459791d0)
0x00007f81459791d0:   00007f81459792b0 00007f8058100800
0x00007f81459791e0:   00007f8058100800 00007f8058101450
0x00007f81459791f0:   00007f8058101450 00007f80581087e8
0x00007f8145979200:   000000000008e568 00007f808800c4b0
0x00007f8145979210:   0000004200000028 00007f80640bc638
0x00007f8145979220:   00007f8058101d30 00007f8058101450
0x00007f8145979230:   00007f80640bc790 00007f80b40285a0
0x00007f8145979240:   00007f80b4027220 0000000100979250
0x00007f8145979250:   00007f809009deb0 0000000200000003
0x00007f8145979260:   00007f80640bc370 000000000000001f
0x00007f8145979270:   0000000000000002 000000000000000d
0x00007f8145979280:   0000000000000002 00007f8094008560
0x00007f8145979290:   0000001000000002 00007f8058102610
0x00007f81459792a0:   0000000000000000 00007f81be7f0b91
0x00007f81459792b0:   00007f8145970000 0000000000000000
0x00007f81459792c0:   00007f81459793b0 00007f81be75d900
0x00007f81459792d0:   00007f8145979330 00007f81bf295fa0
0x00007f81459792e0:   0000000000000000 0000000000000000
0x00007f81459792f0:   0000000000000000 00007f81bf295fa0
0x00007f8145979300:   0000000600000000 00007f80b40d3300
0x00007f8145979310:   00007f806011aae0 00007f806011aad0
0x00007f8145979320:   00007f80600f0000 0000000000000000
0x00007f8145979330:   00007f8145970000 0000000000000000
0x00007f8145979340:   0000000000000000 00007f81bf230110
0x00007f8145979350:   0000000000000000 00007f814597bd90
0x00007f8145979360:   0000000000000000 00007f81bf230110
0x00007f8145979370:   0000000000000000 7949b09cd7eb8b00
0x00007f8145979380:   0000000000000000 00007f8145979830
0x00007f8145979390:   00007f81459794a0 00007f81459794a0
0x00007f81459793a0:   00007f8145979570 00007f8145979510
0x00007f81459793b0:   00007f81459796e0 00007f81be760637
0x00007f81459793c0:   00007f80b40d3420 00007f81459795e0

Instructions: (pc=0x00007f81beeeea4b)
0x00007f81beeee94b:   00 00 00 00 00 48 8d 05 f1 29 66 00 48 8d 0d 16
0x00007f81beeee95b:   76 3a 00 48 8d 15 cb 76 3a 00 be f4 00 00 00 48
0x00007f81beeee96b:   8d 3d 6f 76 3a 00 48 8b 00 c6 00 58 31 c0 e8 12
0x00007f81beeee97b:   1e 94 ff e8 ad 74 fa ff e9 a3 fd ff ff 0f 1f 84
0x00007f81beeee98b:   00 00 00 00 00 4c 89 c7 e8 b8 71 04 00 84 c0 0f
0x00007f81beeee99b:   85 39 fe ff ff 48 8b bd d0 fe ff ff 48 83 c7 38
0x00007f81beeee9ab:   e8 a0 71 04 00 84 c0 0f 85 21 fe ff ff e9 68 fe
0x00007f81beeee9bb:   ff ff 0f 1f 00 48 8d 41 01 45 31 ed 48 89 85 b8
0x00007f81beeee9cb:   fe ff ff e9 f0 fc ff ff 0f 1f 44 00 00 48 89 df
0x00007f81beeee9db:   e8 90 3e f7 ff 48 8b 43 10 8b 73 20 e9 ef fe ff
0x00007f81beeee9eb:   ff 0f 1f 40 00 48 8b b5 80 fe ff ff 48 8b bd 78
0x00007f81beeee9fb:   fe ff ff 8b 46 4c 48 8d 1c c7 48 83 3b 00 75 1d
0x00007f81beeeea0b:   c6 85 9b fe ff ff 01 48 8b 85 b0 fe ff ff 83 85
0x00007f81beeeea1b:   c0 fe ff ff 01 8b 50 18 e9 d8 fb ff ff 8b 56 48
0x00007f81beeeea2b:   85 d2 74 34 48 8b 46 40 83 ea 01 4c 8b 85 b0 fe
0x00007f81beeeea3b:   ff ff 48 8d 74 d0 08 66 0f 1f 44 00 00 48 8b 10
0x00007f81beeeea4b:   8b 4a 4c 48 83 3c cf 00 75 05 49 39 d0 75 b8 48
0x00007f81beeeea5b:   83 c0 08 48 39 f0 75 e5 48 63 b5 e0 fe ff ff 3b
0x00007f81beeeea6b:   b5 e4 fe ff ff 0f 84 ab 15 00 00 8d 46 01 48 8b
0x00007f81beeeea7b:   8d 70 fe ff ff 89 85 e0 fe ff ff 48 8b 85 e8 fe
0x00007f81beeeea8b:   ff ff 48 8b 13 48 89 14 f0 48 8b 85 80 fe ff ff
0x00007f81beeeea9b:   48 63 b5 e0 fe ff ff 8b 40 4c 48 8d 1c c1 3b b5
0x00007f81beeeeaab:   e4 fe ff ff 0f 84 54 15 00 00 8d 46 01 89 85 e0
0x00007f81beeeeabb:   fe ff ff 48 8b 85 e8 fe ff ff 48 8b 13 48 89 14
0x00007f81beeeeacb:   f0 48 8b 85 80 fe ff ff 48 89 85 68 fe ff ff e9
0x00007f81beeeeadb:   33 ff ff ff 8b 85 e0 fe ff ff 85 c0 0f 84 57 12
0x00007f81beeeeaeb:   00 00 83 e8 01 48 8b 95 e8 fe ff ff 48 63 c8 89
0x00007f81beeeeafb:   85 e0 fe ff ff 4c 8b 1c ca 85 c0 0f 84 4a 11 00
0x00007f81beeeeb0b:   00 83 e8 01 48 8b 95 e8 fe ff ff 89 85 e0 fe ff
0x00007f81beeeeb1b:   ff 48 98 4c 8b 04 c2 48 8b 8d b0 fe ff ff 48 8b
0x00007f81beeeeb2b:   b5 78 fe ff ff 80 bd 9b fe ff ff 00 8b 41 4c 4c
0x00007f81beeeeb3b:   89 04 c6 8b 41 4c 48 8b 8d 70 fe ff ff 4c 89 1c


Stack slot to memory mapping:
stack at sp + 0 slots: 0x00007f81459792b0 is pointing into the stack for thread: 0x00007f808800bf00
stack at sp + 1 slots: 0x00007f8058100800 points into unknown readable memory: 0x00007f8054049cb0 | b0 9c 04 54 80 7f 00 00
stack at sp + 2 slots: 0x00007f8058100800 points into unknown readable memory: 0x00007f8054049cb0 | b0 9c 04 54 80 7f 00 00
stack at sp + 3 slots: 0x00007f8058101450 points into unknown readable memory: 0x0000000000000000 | 00 00 00 00 00 00 00 00
stack at sp + 4 slots: 0x00007f8058101450 points into unknown readable memory: 0x0000000000000000 | 00 00 00 00 00 00 00 00
stack at sp + 5 slots: 0x00007f80581087e8 points into unknown readable memory: 0x0000000000007ff5 | f5 7f 00 00 00 00 00 00
stack at sp + 6 slots: 0x000000000008e568 is an unknown value
stack at sp + 7 slots: 0x00007f808800c4b0 points into unknown readable memory: 0x0000000000000006 | 06 00 00 00 00 00 00 00


---------------  P R O C E S S  ---------------

Threads class SMR info:
_java_thread_list=0x00007f805802a060, length=23, elements={
0x00007f81b827b870, 0x00007f81b827cc60, 0x00007f81b82822c0, 0x00007f81b8283680,
0x00007f81b8284aa0, 0x00007f81b8286500, 0x00007f81b8287a80, 0x00007f81b8288f00,
0x00007f81b8290510, 0x00007f81b8293b30, 0x00007f80b402b680, 0x00007f80b808e9e0,
0x00007f80b4105530, 0x00007f80b4106620, 0x00007f81b83cce70, 0x00007f81b802a590,
0x00007f8084006990, 0x00007f8084007a00, 0x00007f8088009cb0, 0x00007f808800ae10,
0x00007f808800bf00, 0x00007f808800d3f0, 0x00007f80580290a0
}

Java Threads: ( => current thread )
  0x00007f81b827b870 JavaThread "Reference Handler" daemon [_thread_blocked, id=65154, stack(0x00007f8146f20000,0x00007f8147020000)]
  0x00007f81b827cc60 JavaThread "Finalizer" daemon [_thread_blocked, id=65155, stack(0x00007f8146e1f000,0x00007f8146f1f000)]
  0x00007f81b82822c0 JavaThread "Signal Dispatcher" daemon [_thread_blocked, id=65156, stack(0x00007f8146d1e000,0x00007f8146e1e000)]
  0x00007f81b8283680 JavaThread "Service Thread" daemon [_thread_blocked, id=65157, stack(0x00007f8146c1d000,0x00007f8146d1d000)]
  0x00007f81b8284aa0 JavaThread "Monitor Deflation Thread" daemon [_thread_blocked, id=65158, stack(0x00007f8146b1c000,0x00007f8146c1c000)]
  0x00007f81b8286500 JavaThread "C2 CompilerThread0" daemon [_thread_blocked, id=65159, stack(0x00007f8146a1b000,0x00007f8146b1b000)]
  0x00007f81b8287a80 JavaThread "C1 CompilerThread0" daemon [_thread_blocked, id=65160, stack(0x00007f814691a000,0x00007f8146a1a000)]
  0x00007f81b8288f00 JavaThread "Sweeper thread" daemon [_thread_blocked, id=65161, stack(0x00007f8146819000,0x00007f8146919000)]
  0x00007f81b8290510 JavaThread "Notification Thread" daemon [_thread_blocked, id=65162, stack(0x00007f8146718000,0x00007f8146818000)]
  0x00007f81b8293b30 JavaThread "Common-Cleaner" daemon [_thread_blocked, id=65164, stack(0x00007f8146516000,0x00007f8146616000)]
  0x00007f80b402b680 JavaThread "C1 CompilerThread1" daemon [_thread_blocked, id=65165, stack(0x00007f8146415000,0x00007f8146515000)]
  0x00007f80b808e9e0 JavaThread "C2 CompilerThread1" daemon [_thread_blocked, id=65166, stack(0x00007f8146314000,0x00007f8146414000)]
  0x00007f80b4105530 JavaThread "C1 CompilerThread2" daemon [_thread_blocked, id=65175, stack(0x00007f8146213000,0x00007f8146313000)]
  0x00007f80b4106620 JavaThread "C1 CompilerThread3" daemon [_thread_blocked, id=65176, stack(0x00007f8146112000,0x00007f8146212000)]
  0x00007f81b83cce70 JavaThread "pool-1-thread-1" [_thread_in_Java, id=65198, stack(0x00007f8145e60000,0x00007f8145f60000)]
  0x00007f81b802a590 JavaThread "DestroyJavaVM" [_thread_blocked, id=65147, stack(0x00007f81be025000,0x00007f81be125000)]
  0x00007f8084006990 JavaThread "C1 CompilerThread4" daemon [_thread_blocked, id=65206, stack(0x00007f8145d5f000,0x00007f8145e5f000)]
  0x00007f8084007a00 JavaThread "C1 CompilerThread5" daemon [_thread_in_native, id=65207, stack(0x00007f8145c5e000,0x00007f8145d5e000)]
  0x00007f8088009cb0 JavaThread "C2 CompilerThread2" daemon [_thread_in_native, id=65210, stack(0x00007f8145a80000,0x00007f8145b80000)]
  0x00007f808800ae10 JavaThread "C2 CompilerThread3" daemon [_thread_blocked, id=65211, stack(0x00007f814597f000,0x00007f8145a7f000)]
=>0x00007f808800bf00 JavaThread "C2 CompilerThread4" daemon [_thread_in_native, id=65212, stack(0x00007f814587e000,0x00007f814597e000)]
  0x00007f808800d3f0 JavaThread "C2 CompilerThread5" daemon [_thread_blocked, id=65213, stack(0x00007f814577d000,0x00007f814587d000)]
  0x00007f80580290a0 JavaThread "C2 CompilerThread6" daemon [_thread_in_native, id=65214, stack(0x00007f814567c000,0x00007f814577c000)]

Other Threads:
  0x00007f81b8277890 VMThread "VM Thread" [stack: 0x00007f8147021000,0x00007f8147121000] [id=65153]
  0x00007f81b8291e60 WatcherThread [stack: 0x00007f8146617000,0x00007f8146717000] [id=65163]
  0x00007f81b8065530 GCTaskThread "GC Thread#0" [stack: 0x00007f8158256000,0x00007f8158356000] [id=65148]
  0x00007f81b8075c20 ConcurrentGCThread "G1 Main Marker" [stack: 0x00007f8158155000,0x00007f8158255000] [id=65149]
  0x00007f81b8076be0 ConcurrentGCThread "G1 Conc#0" [stack: 0x00007f8158054000,0x00007f8158154000] [id=65150]
  0x00007f81b8240db0 ConcurrentGCThread "G1 Refine#0" [stack: 0x00007f81472f4000,0x00007f81473f4000] [id=65151]
  0x00007f81b8241cc0 ConcurrentGCThread "G1 Service" [stack: 0x00007f81471f3000,0x00007f81472f3000] [id=65152]

Threads with active compile tasks:
C1 CompilerThread0  380 1196       3       java.util.regex.Pattern::expr (142 bytes)
C1 CompilerThread3  380 1195   !   3       java.util.regex.Pattern::RemoveQEQuoting (370 bytes)
C2 CompilerThread2  380 1007       4       jdk.nio.zipfs.ZipFileSystem::makeParentDirs (141 bytes)
C2 CompilerThread3  380 1197       4       java.lang.String::startsWith (138 bytes)
C2 CompilerThread4  380 1032       4       java.io.DataInputStream::readUTF (501 bytes)
C2 CompilerThread6  380 1129       4       java.util.regex.Matcher::search (154 bytes)

VM state: not at safepoint (normal execution)

VM Mutex/Monitor currently owned by a thread: None

Heap address: 0x0000000082000000, size: 30688 MB, Compressed Oops mode: Zero based, Oop shift amount: 3

CDS archive(s) mapped at: [0x00007f80f7000000-0x00007f80f7bcc000-0x00007f80f7bcc000), size 12369920, SharedBaseAddress: 0x00007f80f7000000, ArchiveRelocationMode: 1.
Compressed class space mapped at: 0x00007f80f8000000-0x00007f8138000000, reserved size: 1073741824
Narrow klass base: 0x00007f80f7000000, Narrow klass shift: 0, Narrow klass range: 0x100000000

GC Precious Log:
 CPUs: 64 total, 64 available
 Memory: 125G
 Large Page Support: Disabled
 NUMA Support: Disabled
 Compressed Oops: Enabled (Zero based)
 Heap Region Size: 16M
 Heap Min Capacity: 16M
 Heap Initial Capacity: 2016M
 Heap Max Capacity: 30688M
 Pre-touch: Disabled
 Parallel Workers: 43
 Concurrent Workers: 11
 Concurrent Refinement Workers: 43
 Periodic GC: Disabled

Heap:
 garbage-first heap   total 2097152K, used 49076K [0x0000000082000000, 0x0000000800000000)
  region size 16384K, 3 young (49152K), 0 survivors (0K)
 Metaspace       used 6892K, committed 7040K, reserved 1114112K
  class space    used 756K, committed 832K, reserved 1048576K

Heap Regions: E=young(eden), S=young(survivor), O=old, HS=humongous(starts), HC=humongous(continues), CS=collection set, F=free, OA=open archive, CA=closed archive, TAMS=top-at-mark-start (previous, next)
|   0|0x0000000082000000, 0x0000000082000000, 0x0000000083000000|  0%| F|  |TAMS 0x0000000082000000, 0x0000000082000000| Untracked
|   1|0x0000000083000000, 0x0000000083000000, 0x0000000084000000|  0%| F|  |TAMS 0x0000000083000000, 0x0000000083000000| Untracked
|   2|0x0000000084000000, 0x0000000084000000, 0x0000000085000000|  0%| F|  |TAMS 0x0000000084000000, 0x0000000084000000| Untracked
|   3|0x0000000085000000, 0x0000000085000000, 0x0000000086000000|  0%| F|  |TAMS 0x0000000085000000, 0x0000000085000000| Untracked
|   4|0x0000000086000000, 0x0000000086000000, 0x0000000087000000|  0%| F|  |TAMS 0x0000000086000000, 0x0000000086000000| Untracked
|   5|0x0000000087000000, 0x0000000087000000, 0x0000000088000000|  0%| F|  |TAMS 0x0000000087000000, 0x0000000087000000| Untracked
|   6|0x0000000088000000, 0x0000000088000000, 0x0000000089000000|  0%| F|  |TAMS 0x0000000088000000, 0x0000000088000000| Untracked
|   7|0x0000000089000000, 0x0000000089000000, 0x000000008a000000|  0%| F|  |TAMS 0x0000000089000000, 0x0000000089000000| Untracked
|   8|0x000000008a000000, 0x000000008a000000, 0x000000008b000000|  0%| F|  |TAMS 0x000000008a000000, 0x000000008a000000| Untracked
|   9|0x000000008b000000, 0x000000008b000000, 0x000000008c000000|  0%| F|  |TAMS 0x000000008b000000, 0x000000008b000000| Untracked
|  10|0x000000008c000000, 0x000000008c000000, 0x000000008d000000|  0%| F|  |TAMS 0x000000008c000000, 0x000000008c000000| Untracked
|  11|0x000000008d000000, 0x000000008d000000, 0x000000008e000000|  0%| F|  |TAMS 0x000000008d000000, 0x000000008d000000| Untracked
|  12|0x000000008e000000, 0x000000008e000000, 0x000000008f000000|  0%| F|  |TAMS 0x000000008e000000, 0x000000008e000000| Untracked
|  13|0x000000008f000000, 0x000000008f000000, 0x0000000090000000|  0%| F|  |TAMS 0x000000008f000000, 0x000000008f000000| Untracked
|  14|0x0000000090000000, 0x0000000090000000, 0x0000000091000000|  0%| F|  |TAMS 0x0000000090000000, 0x0000000090000000| Untracked
|  15|0x0000000091000000, 0x0000000091000000, 0x0000000092000000|  0%| F|  |TAMS 0x0000000091000000, 0x0000000091000000| Untracked
|  16|0x0000000092000000, 0x0000000092000000, 0x0000000093000000|  0%| F|  |TAMS 0x0000000092000000, 0x0000000092000000| Untracked
|  17|0x0000000093000000, 0x0000000093000000, 0x0000000094000000|  0%| F|  |TAMS 0x0000000093000000, 0x0000000093000000| Untracked
|  18|0x0000000094000000, 0x0000000094000000, 0x0000000095000000|  0%| F|  |TAMS 0x0000000094000000, 0x0000000094000000| Untracked
|  19|0x0000000095000000, 0x0000000095000000, 0x0000000096000000|  0%| F|  |TAMS 0x0000000095000000, 0x0000000095000000| Untracked
|  20|0x0000000096000000, 0x0000000096000000, 0x0000000097000000|  0%| F|  |TAMS 0x0000000096000000, 0x0000000096000000| Untracked
|  21|0x0000000097000000, 0x0000000097000000, 0x0000000098000000|  0%| F|  |TAMS 0x0000000097000000, 0x0000000097000000| Untracked
|  22|0x0000000098000000, 0x0000000098000000, 0x0000000099000000|  0%| F|  |TAMS 0x0000000098000000, 0x0000000098000000| Untracked
|  23|0x0000000099000000, 0x0000000099000000, 0x000000009a000000|  0%| F|  |TAMS 0x0000000099000000, 0x0000000099000000| Untracked
|  24|0x000000009a000000, 0x000000009a000000, 0x000000009b000000|  0%| F|  |TAMS 0x000000009a000000, 0x000000009a000000| Untracked
|  25|0x000000009b000000, 0x000000009b000000, 0x000000009c000000|  0%| F|  |TAMS 0x000000009b000000, 0x000000009b000000| Untracked
|  26|0x000000009c000000, 0x000000009c000000, 0x000000009d000000|  0%| F|  |TAMS 0x000000009c000000, 0x000000009c000000| Untracked
|  27|0x000000009d000000, 0x000000009d000000, 0x000000009e000000|  0%| F|  |TAMS 0x000000009d000000, 0x000000009d000000| Untracked
|  28|0x000000009e000000, 0x000000009e000000, 0x000000009f000000|  0%| F|  |TAMS 0x000000009e000000, 0x000000009e000000| Untracked
|  29|0x000000009f000000, 0x000000009f000000, 0x00000000a0000000|  0%| F|  |TAMS 0x000000009f000000, 0x000000009f000000| Untracked
|  30|0x00000000a0000000, 0x00000000a0000000, 0x00000000a1000000|  0%| F|  |TAMS 0x00000000a0000000, 0x00000000a0000000| Untracked
|  31|0x00000000a1000000, 0x00000000a1000000, 0x00000000a2000000|  0%| F|  |TAMS 0x00000000a1000000, 0x00000000a1000000| Untracked
|  32|0x00000000a2000000, 0x00000000a2000000, 0x00000000a3000000|  0%| F|  |TAMS 0x00000000a2000000, 0x00000000a2000000| Untracked
|  33|0x00000000a3000000, 0x00000000a3000000, 0x00000000a4000000|  0%| F|  |TAMS 0x00000000a3000000, 0x00000000a3000000| Untracked
|  34|0x00000000a4000000, 0x00000000a4000000, 0x00000000a5000000|  0%| F|  |TAMS 0x00000000a4000000, 0x00000000a4000000| Untracked
|  35|0x00000000a5000000, 0x00000000a5000000, 0x00000000a6000000|  0%| F|  |TAMS 0x00000000a5000000, 0x00000000a5000000| Untracked
|  36|0x00000000a6000000, 0x00000000a6000000, 0x00000000a7000000|  0%| F|  |TAMS 0x00000000a6000000, 0x00000000a6000000| Untracked
|  37|0x00000000a7000000, 0x00000000a7000000, 0x00000000a8000000|  0%| F|  |TAMS 0x00000000a7000000, 0x00000000a7000000| Untracked
|  38|0x00000000a8000000, 0x00000000a8000000, 0x00000000a9000000|  0%| F|  |TAMS 0x00000000a8000000, 0x00000000a8000000| Untracked
|  39|0x00000000a9000000, 0x00000000a9000000, 0x00000000aa000000|  0%| F|  |TAMS 0x00000000a9000000, 0x00000000a9000000| Untracked
|  40|0x00000000aa000000, 0x00000000aa000000, 0x00000000ab000000|  0%| F|  |TAMS 0x00000000aa000000, 0x00000000aa000000| Untracked
|  41|0x00000000ab000000, 0x00000000ab000000, 0x00000000ac000000|  0%| F|  |TAMS 0x00000000ab000000, 0x00000000ab000000| Untracked
|  42|0x00000000ac000000, 0x00000000ac000000, 0x00000000ad000000|  0%| F|  |TAMS 0x00000000ac000000, 0x00000000ac000000| Untracked
|  43|0x00000000ad000000, 0x00000000ad000000, 0x00000000ae000000|  0%| F|  |TAMS 0x00000000ad000000, 0x00000000ad000000| Untracked
|  44|0x00000000ae000000, 0x00000000ae000000, 0x00000000af000000|  0%| F|  |TAMS 0x00000000ae000000, 0x00000000ae000000| Untracked
|  45|0x00000000af000000, 0x00000000af000000, 0x00000000b0000000|  0%| F|  |TAMS 0x00000000af000000, 0x00000000af000000| Untracked
|  46|0x00000000b0000000, 0x00000000b0000000, 0x00000000b1000000|  0%| F|  |TAMS 0x00000000b0000000, 0x00000000b0000000| Untracked
|  47|0x00000000b1000000, 0x00000000b1000000, 0x00000000b2000000|  0%| F|  |TAMS 0x00000000b1000000, 0x00000000b1000000| Untracked
|  48|0x00000000b2000000, 0x00000000b2000000, 0x00000000b3000000|  0%| F|  |TAMS 0x00000000b2000000, 0x00000000b2000000| Untracked
|  49|0x00000000b3000000, 0x00000000b3000000, 0x00000000b4000000|  0%| F|  |TAMS 0x00000000b3000000, 0x00000000b3000000| Untracked
|  50|0x00000000b4000000, 0x00000000b4000000, 0x00000000b5000000|  0%| F|  |TAMS 0x00000000b4000000, 0x00000000b4000000| Untracked
|  51|0x00000000b5000000, 0x00000000b5000000, 0x00000000b6000000|  0%| F|  |TAMS 0x00000000b5000000, 0x00000000b5000000| Untracked
|  52|0x00000000b6000000, 0x00000000b6000000, 0x00000000b7000000|  0%| F|  |TAMS 0x00000000b6000000, 0x00000000b6000000| Untracked
|  53|0x00000000b7000000, 0x00000000b7000000, 0x00000000b8000000|  0%| F|  |TAMS 0x00000000b7000000, 0x00000000b7000000| Untracked
|  54|0x00000000b8000000, 0x00000000b8000000, 0x00000000b9000000|  0%| F|  |TAMS 0x00000000b8000000, 0x00000000b8000000| Untracked
|  55|0x00000000b9000000, 0x00000000b9000000, 0x00000000ba000000|  0%| F|  |TAMS 0x00000000b9000000, 0x00000000b9000000| Untracked
|  56|0x00000000ba000000, 0x00000000ba000000, 0x00000000bb000000|  0%| F|  |TAMS 0x00000000ba000000, 0x00000000ba000000| Untracked
|  57|0x00000000bb000000, 0x00000000bb000000, 0x00000000bc000000|  0%| F|  |TAMS 0x00000000bb000000, 0x00000000bb000000| Untracked
|  58|0x00000000bc000000, 0x00000000bc000000, 0x00000000bd000000|  0%| F|  |TAMS 0x00000000bc000000, 0x00000000bc000000| Untracked
|  59|0x00000000bd000000, 0x00000000bd000000, 0x00000000be000000|  0%| F|  |TAMS 0x00000000bd000000, 0x00000000bd000000| Untracked
|  60|0x00000000be000000, 0x00000000be000000, 0x00000000bf000000|  0%| F|  |TAMS 0x00000000be000000, 0x00000000be000000| Untracked
|  61|0x00000000bf000000, 0x00000000bf000000, 0x00000000c0000000|  0%| F|  |TAMS 0x00000000bf000000, 0x00000000bf000000| Untracked
|  62|0x00000000c0000000, 0x00000000c0000000, 0x00000000c1000000|  0%| F|  |TAMS 0x00000000c0000000, 0x00000000c0000000| Untracked
|  63|0x00000000c1000000, 0x00000000c1000000, 0x00000000c2000000|  0%| F|  |TAMS 0x00000000c1000000, 0x00000000c1000000| Untracked
|  64|0x00000000c2000000, 0x00000000c2000000, 0x00000000c3000000|  0%| F|  |TAMS 0x00000000c2000000, 0x00000000c2000000| Untracked
|  65|0x00000000c3000000, 0x00000000c3000000, 0x00000000c4000000|  0%| F|  |TAMS 0x00000000c3000000, 0x00000000c3000000| Untracked
|  66|0x00000000c4000000, 0x00000000c4000000, 0x00000000c5000000|  0%| F|  |TAMS 0x00000000c4000000, 0x00000000c4000000| Untracked
|  67|0x00000000c5000000, 0x00000000c5000000, 0x00000000c6000000|  0%| F|  |TAMS 0x00000000c5000000, 0x00000000c5000000| Untracked
|  68|0x00000000c6000000, 0x00000000c6000000, 0x00000000c7000000|  0%| F|  |TAMS 0x00000000c6000000, 0x00000000c6000000| Untracked
|  69|0x00000000c7000000, 0x00000000c7000000, 0x00000000c8000000|  0%| F|  |TAMS 0x00000000c7000000, 0x00000000c7000000| Untracked
|  70|0x00000000c8000000, 0x00000000c8000000, 0x00000000c9000000|  0%| F|  |TAMS 0x00000000c8000000, 0x00000000c8000000| Untracked
|  71|0x00000000c9000000, 0x00000000c9000000, 0x00000000ca000000|  0%| F|  |TAMS 0x00000000c9000000, 0x00000000c9000000| Untracked
|  72|0x00000000ca000000, 0x00000000ca000000, 0x00000000cb000000|  0%| F|  |TAMS 0x00000000ca000000, 0x00000000ca000000| Untracked
|  73|0x00000000cb000000, 0x00000000cb000000, 0x00000000cc000000|  0%| F|  |TAMS 0x00000000cb000000, 0x00000000cb000000| Untracked
|  74|0x00000000cc000000, 0x00000000cc000000, 0x00000000cd000000|  0%| F|  |TAMS 0x00000000cc000000, 0x00000000cc000000| Untracked
|  75|0x00000000cd000000, 0x00000000cd000000, 0x00000000ce000000|  0%| F|  |TAMS 0x00000000cd000000, 0x00000000cd000000| Untracked
|  76|0x00000000ce000000, 0x00000000ce000000, 0x00000000cf000000|  0%| F|  |TAMS 0x00000000ce000000, 0x00000000ce000000| Untracked
|  77|0x00000000cf000000, 0x00000000cf000000, 0x00000000d0000000|  0%| F|  |TAMS 0x00000000cf000000, 0x00000000cf000000| Untracked
|  78|0x00000000d0000000, 0x00000000d0000000, 0x00000000d1000000|  0%| F|  |TAMS 0x00000000d0000000, 0x00000000d0000000| Untracked
|  79|0x00000000d1000000, 0x00000000d1000000, 0x00000000d2000000|  0%| F|  |TAMS 0x00000000d1000000, 0x00000000d1000000| Untracked
|  80|0x00000000d2000000, 0x00000000d2000000, 0x00000000d3000000|  0%| F|  |TAMS 0x00000000d2000000, 0x00000000d2000000| Untracked
|  81|0x00000000d3000000, 0x00000000d3000000, 0x00000000d4000000|  0%| F|  |TAMS 0x00000000d3000000, 0x00000000d3000000| Untracked
|  82|0x00000000d4000000, 0x00000000d4000000, 0x00000000d5000000|  0%| F|  |TAMS 0x00000000d4000000, 0x00000000d4000000| Untracked
|  83|0x00000000d5000000, 0x00000000d5000000, 0x00000000d6000000|  0%| F|  |TAMS 0x00000000d5000000, 0x00000000d5000000| Untracked
|  84|0x00000000d6000000, 0x00000000d6000000, 0x00000000d7000000|  0%| F|  |TAMS 0x00000000d6000000, 0x00000000d6000000| Untracked
|  85|0x00000000d7000000, 0x00000000d7000000, 0x00000000d8000000|  0%| F|  |TAMS 0x00000000d7000000, 0x00000000d7000000| Untracked
|  86|0x00000000d8000000, 0x00000000d8000000, 0x00000000d9000000|  0%| F|  |TAMS 0x00000000d8000000, 0x00000000d8000000| Untracked
|  87|0x00000000d9000000, 0x00000000d9000000, 0x00000000da000000|  0%| F|  |TAMS 0x00000000d9000000, 0x00000000d9000000| Untracked
|  88|0x00000000da000000, 0x00000000da000000, 0x00000000db000000|  0%| F|  |TAMS 0x00000000da000000, 0x00000000da000000| Untracked
|  89|0x00000000db000000, 0x00000000db000000, 0x00000000dc000000|  0%| F|  |TAMS 0x00000000db000000, 0x00000000db000000| Untracked
|  90|0x00000000dc000000, 0x00000000dc000000, 0x00000000dd000000|  0%| F|  |TAMS 0x00000000dc000000, 0x00000000dc000000| Untracked
|  91|0x00000000dd000000, 0x00000000dd000000, 0x00000000de000000|  0%| F|  |TAMS 0x00000000dd000000, 0x00000000dd000000| Untracked
|  92|0x00000000de000000, 0x00000000de000000, 0x00000000df000000|  0%| F|  |TAMS 0x00000000de000000, 0x00000000de000000| Untracked
|  93|0x00000000df000000, 0x00000000df000000, 0x00000000e0000000|  0%| F|  |TAMS 0x00000000df000000, 0x00000000df000000| Untracked
|  94|0x00000000e0000000, 0x00000000e0000000, 0x00000000e1000000|  0%| F|  |TAMS 0x00000000e0000000, 0x00000000e0000000| Untracked
|  95|0x00000000e1000000, 0x00000000e1000000, 0x00000000e2000000|  0%| F|  |TAMS 0x00000000e1000000, 0x00000000e1000000| Untracked
|  96|0x00000000e2000000, 0x00000000e2000000, 0x00000000e3000000|  0%| F|  |TAMS 0x00000000e2000000, 0x00000000e2000000| Untracked
|  97|0x00000000e3000000, 0x00000000e3000000, 0x00000000e4000000|  0%| F|  |TAMS 0x00000000e3000000, 0x00000000e3000000| Untracked
|  98|0x00000000e4000000, 0x00000000e4000000, 0x00000000e5000000|  0%| F|  |TAMS 0x00000000e4000000, 0x00000000e4000000| Untracked
|  99|0x00000000e5000000, 0x00000000e5000000, 0x00000000e6000000|  0%| F|  |TAMS 0x00000000e5000000, 0x00000000e5000000| Untracked
| 100|0x00000000e6000000, 0x00000000e6000000, 0x00000000e7000000|  0%| F|  |TAMS 0x00000000e6000000, 0x00000000e6000000| Untracked
| 101|0x00000000e7000000, 0x00000000e7000000, 0x00000000e8000000|  0%| F|  |TAMS 0x00000000e7000000, 0x00000000e7000000| Untracked
| 102|0x00000000e8000000, 0x00000000e8000000, 0x00000000e9000000|  0%| F|  |TAMS 0x00000000e8000000, 0x00000000e8000000| Untracked
| 103|0x00000000e9000000, 0x00000000e9000000, 0x00000000ea000000|  0%| F|  |TAMS 0x00000000e9000000, 0x00000000e9000000| Untracked
| 104|0x00000000ea000000, 0x00000000ea000000, 0x00000000eb000000|  0%| F|  |TAMS 0x00000000ea000000, 0x00000000ea000000| Untracked
| 105|0x00000000eb000000, 0x00000000eb000000, 0x00000000ec000000|  0%| F|  |TAMS 0x00000000eb000000, 0x00000000eb000000| Untracked
| 106|0x00000000ec000000, 0x00000000ec000000, 0x00000000ed000000|  0%| F|  |TAMS 0x00000000ec000000, 0x00000000ec000000| Untracked
| 107|0x00000000ed000000, 0x00000000ed000000, 0x00000000ee000000|  0%| F|  |TAMS 0x00000000ed000000, 0x00000000ed000000| Untracked
| 108|0x00000000ee000000, 0x00000000ee000000, 0x00000000ef000000|  0%| F|  |TAMS 0x00000000ee000000, 0x00000000ee000000| Untracked
| 109|0x00000000ef000000, 0x00000000ef000000, 0x00000000f0000000|  0%| F|  |TAMS 0x00000000ef000000, 0x00000000ef000000| Untracked
| 110|0x00000000f0000000, 0x00000000f0000000, 0x00000000f1000000|  0%| F|  |TAMS 0x00000000f0000000, 0x00000000f0000000| Untracked
| 111|0x00000000f1000000, 0x00000000f1000000, 0x00000000f2000000|  0%| F|  |TAMS 0x00000000f1000000, 0x00000000f1000000| Untracked
| 112|0x00000000f2000000, 0x00000000f2000000, 0x00000000f3000000|  0%| F|  |TAMS 0x00000000f2000000, 0x00000000f2000000| Untracked
| 113|0x00000000f3000000, 0x00000000f3000000, 0x00000000f4000000|  0%| F|  |TAMS 0x00000000f3000000, 0x00000000f3000000| Untracked
| 114|0x00000000f4000000, 0x00000000f4000000, 0x00000000f5000000|  0%| F|  |TAMS 0x00000000f4000000, 0x00000000f4000000| Untracked
| 115|0x00000000f5000000, 0x00000000f5000000, 0x00000000f6000000|  0%| F|  |TAMS 0x00000000f5000000, 0x00000000f5000000| Untracked
| 116|0x00000000f6000000, 0x00000000f6000000, 0x00000000f7000000|  0%| F|  |TAMS 0x00000000f6000000, 0x00000000f6000000| Untracked
| 117|0x00000000f7000000, 0x00000000f7000000, 0x00000000f8000000|  0%| F|  |TAMS 0x00000000f7000000, 0x00000000f7000000| Untracked
| 118|0x00000000f8000000, 0x00000000f8000000, 0x00000000f9000000|  0%| F|  |TAMS 0x00000000f8000000, 0x00000000f8000000| Untracked
| 119|0x00000000f9000000, 0x00000000f9000000, 0x00000000fa000000|  0%| F|  |TAMS 0x00000000f9000000, 0x00000000f9000000| Untracked
| 120|0x00000000fa000000, 0x00000000fa000000, 0x00000000fb000000|  0%| F|  |TAMS 0x00000000fa000000, 0x00000000fa000000| Untracked
| 121|0x00000000fb000000, 0x00000000fb000000, 0x00000000fc000000|  0%| F|  |TAMS 0x00000000fb000000, 0x00000000fb000000| Untracked
| 122|0x00000000fc000000, 0x00000000fc000000, 0x00000000fd000000|  0%| F|  |TAMS 0x00000000fc000000, 0x00000000fc000000| Untracked
| 123|0x00000000fd000000, 0x00000000fd5c29c0, 0x00000000fe000000| 36%| E|  |TAMS 0x00000000fd000000, 0x00000000fd000000| Complete
| 124|0x00000000fe000000, 0x00000000ff000000, 0x00000000ff000000|100%| E|CS|TAMS 0x00000000fe000000, 0x00000000fe000000| Complete
| 125|0x00000000ff000000, 0x0000000100000000, 0x0000000100000000|100%| E|CS|TAMS 0x00000000ff000000, 0x00000000ff000000| Complete
|1916|0x00000007fe000000, 0x00000007fef75000, 0x00000007ff000000| 96%|OA|  |TAMS 0x00000007fe000000, 0x00000007fe000000| Untracked
|1917|0x00000007ff000000, 0x00000007ff078000, 0x0000000800000000|  2%|CA|  |TAMS 0x00000007ff000000, 0x00000007ff000000| Untracked

Card table byte_map: [0x00007f819811a000,0x00007f819bd0a000] _byte_map_base: 0x00007f8197d0a000

Marking Bits (Prev, Next): (CMBitMap*) 0x00007f81b8065fd0, (CMBitMap*) 0x00007f81b8066010
 Prev Bits: [0x00007f81765aa000, 0x00007f819452a000)
 Next Bits: [0x00007f815862a000, 0x00007f81765aa000)

Polling page: 0x00007f81bf837000

Metaspace:

Usage:
  Non-class:      6.05 MB used.
      Class:    756.54 KB used.
       Both:      6.79 MB used.

Virtual space:
  Non-class space:       64.00 MB reserved,       6.12 MB ( 10%) committed,  1 nodes.
      Class space:        1.00 GB reserved,     832.00 KB ( <1%) committed,  1 nodes.
             Both:        1.06 GB reserved,       6.94 MB ( <1%) committed.

Chunk freelists:
   Non-Class:  8.23 MB
       Class:  15.23 MB
        Both:  23.46 MB

MaxMetaspaceSize: unlimited
CompressedClassSpaceSize: 1.00 GB
Initial GC threshold: 21.00 MB
Current GC threshold: 21.00 MB
CDS: on
MetaspaceReclaimPolicy: balanced
 - commit_granule_bytes: 65536.
 - commit_granule_words: 8192.
 - virtual_space_node_default_size: 8388608.
 - enlarge_chunks_in_place: 1.
 - new_chunks_are_fully_committed: 0.
 - uncommit_free_chunks: 1.
 - use_allocation_guard: 0.
 - handle_deallocations: 1.


Internal statistics:

num_allocs_failed_limit: 0.
num_arena_births: 58.
num_arena_deaths: 0.
num_vsnodes_births: 2.
num_vsnodes_deaths: 0.
num_space_committed: 111.
num_space_uncommitted: 0.
num_chunks_returned_to_freelist: 0.
num_chunks_taken_from_freelist: 270.
num_chunk_merges: 0.
num_chunk_splits: 181.
num_chunks_enlarged: 139.
num_inconsistent_stats: 0.

CodeHeap 'non-profiled nmethods': size=118592Kb used=325Kb max_used=325Kb free=118266Kb
 bounds [0x00007f81a8c30000, 0x00007f81a8ea0000, 0x00007f81b0000000]
CodeHeap 'profiled nmethods': size=118588Kb used=2204Kb max_used=2204Kb free=116383Kb
 bounds [0x00007f81a1000000, 0x00007f81a1270000, 0x00007f81a83cf000]
CodeHeap 'non-nmethods': size=8580Kb used=4309Kb max_used=4360Kb free=4270Kb
 bounds [0x00007f81a83cf000, 0x00007f81a881f000, 0x00007f81a8c30000]
 total_blobs=1769 nmethods=1227 adapters=451
 compilation: enabled
              stopped_count=0, restarted_count=0
 full_count=0

Compilation events (20 events):
Event: 0.368 Thread 0x00007f80b4105530 1109       3       java.util.regex.ASCII::isAlpha (8 bytes)
Event: 0.368 Thread 0x00007f8084006990 1110       3       java.util.regex.ASCII::isType (15 bytes)
Event: 0.368 Thread 0x00007f8084007a00 1111       3       java.util.regex.ASCII::getType (17 bytes)
Event: 0.368 Thread 0x00007f81b8287a80 nmethod 1107 0x00007f81a11d1d90 code [0x00007f81a11d1f40, 0x00007f81a11d2110]
Event: 0.368 Thread 0x00007f81b8287a80 1112       3       java.util.regex.ASCII::isDigit (18 bytes)
Event: 0.368 Thread 0x00007f80b402b680 1113       3       java.util.regex.Pattern::nextEscaped (19 bytes)
Event: 0.368 Thread 0x00007f80b4106620 nmethod 1108 0x00007f81a11d2210 code [0x00007f81a11d23a0, 0x00007f81a11d24d0]
Event: 0.368 Thread 0x00007f80b4106620 1114       3       java.util.regex.Pattern::unread (11 bytes)
Event: 0.368 Thread 0x00007f81b8287a80 nmethod 1112 0x00007f81a11d2590 code [0x00007f81a11d2720, 0x00007f81a11d2870]
Event: 0.368 Thread 0x00007f81b8287a80 1115       3       java.util.regex.Pattern$Node::study (21 bytes)
Event: 0.368 Thread 0x00007f8084007a00 nmethod 1111 0x00007f81a11d2910 code [0x00007f81a11d2ac0, 0x00007f81a11d2c50]
Event: 0.368 Thread 0x00007f8084006990 nmethod 1110 0x00007f81a11d2d10 code [0x00007f81a11d2ec0, 0x00007f81a11d30d0]
Event: 0.368 Thread 0x00007f80b402b680 nmethod 1113 0x00007f81a11d3210 code [0x00007f81a11d33a0, 0x00007f81a11d34d0]
Event: 0.368 Thread 0x00007f80b4106620 nmethod 1114 0x00007f81a11d3590 code [0x00007f81a11d3720, 0x00007f81a11d3830]
Event: 0.368 Thread 0x00007f80b4105530 nmethod 1109 0x00007f81a11d3890 code [0x00007f81a11d3a40, 0x00007f81a11d3cb0]
Event: 0.368 Thread 0x00007f81b8287a80 nmethod 1115 0x00007f81a11d3e10 code [0x00007f81a11d3fc0, 0x00007f81a11d4200]
Event: 0.368 Thread 0x00007f80b4106620 1116       3       java.util.HashMap::computeIfAbsent (330 bytes)
Event: 0.369 Thread 0x00007f80b4106620 nmethod 1116 0x00007f81a11d4310 code [0x00007f81a11d4620, 0x00007f81a11d5c60]
Event: 0.369 Thread 0x00007f80580290a0 1117       4       java.lang.String::isEmpty (14 bytes)
Event: 0.370 Thread 0x00007f80580290a0 nmethod 1117 0x00007f81a8c7f390 code [0x00007f81a8c7f520, 0x00007f81a8c7f5b8]

GC Heap History (0 events):
No events

Dll operation events (7 events):
Event: 0.002 Loaded shared library /usr/lib/jvm/java-17-openjdk-17.0.17.0.10-1.el9.x86_64/lib/libjava.so
Event: 0.020 Loaded shared library /usr/lib/jvm/java-17-openjdk-17.0.17.0.10-1.el9.x86_64/lib/libjsvml.so
Event: 0.029 Loaded shared library /usr/lib/jvm/java-17-openjdk-17.0.17.0.10-1.el9.x86_64/lib/libnio.so
Event: 0.036 Loaded shared library /usr/lib/jvm/java-17-openjdk-17.0.17.0.10-1.el9.x86_64/lib/libzip.so
Event: 0.141 Loaded shared library /usr/lib/jvm/java-17-openjdk-17.0.17.0.10-1.el9.x86_64/lib/libjimage.so
Event: 0.161 Loaded shared library /usr/lib/jvm/java-17-openjdk-17.0.17.0.10-1.el9.x86_64/lib/libsystemconf.so
Event: 0.325 Loaded shared library /usr/lib/jvm/java-17-openjdk-17.0.17.0.10-1.el9.x86_64/lib/libnet.so

Deoptimization events (20 events):
Event: 0.337 Thread 0x00007f81b83cce70 DEOPT PACKING pc=0x00007f81a11aa738 sp=0x00007f8145f5c8c0
Event: 0.337 Thread 0x00007f81b83cce70 DEOPT UNPACKING pc=0x00007f81a8425e2f sp=0x00007f8145f5bd58 mode 0
Event: 0.337 Thread 0x00007f81b83cce70 DEOPT PACKING pc=0x00007f81a11aa738 sp=0x00007f8145f5c8c0
Event: 0.337 Thread 0x00007f81b83cce70 DEOPT UNPACKING pc=0x00007f81a8425e2f sp=0x00007f8145f5bd58 mode 0
Event: 0.337 Thread 0x00007f81b83cce70 DEOPT PACKING pc=0x00007f81a11aa738 sp=0x00007f8145f5c8c0
Event: 0.337 Thread 0x00007f81b83cce70 DEOPT UNPACKING pc=0x00007f81a8425e2f sp=0x00007f8145f5bd58 mode 0
Event: 0.338 Thread 0x00007f81b83cce70 DEOPT PACKING pc=0x00007f81a11aa738 sp=0x00007f8145f5c8c0
Event: 0.338 Thread 0x00007f81b83cce70 DEOPT UNPACKING pc=0x00007f81a8425e2f sp=0x00007f8145f5bd58 mode 0
Event: 0.338 Thread 0x00007f81b83cce70 DEOPT PACKING pc=0x00007f81a11aa738 sp=0x00007f8145f5c8c0
Event: 0.338 Thread 0x00007f81b83cce70 DEOPT UNPACKING pc=0x00007f81a8425e2f sp=0x00007f8145f5bd58 mode 0
Event: 0.338 Thread 0x00007f81b83cce70 DEOPT PACKING pc=0x00007f81a11aa738 sp=0x00007f8145f5c8c0
Event: 0.338 Thread 0x00007f81b83cce70 DEOPT UNPACKING pc=0x00007f81a8425e2f sp=0x00007f8145f5bd58 mode 0
Event: 0.338 Thread 0x00007f81b83cce70 DEOPT PACKING pc=0x00007f81a11aa738 sp=0x00007f8145f5c8c0
Event: 0.338 Thread 0x00007f81b83cce70 DEOPT UNPACKING pc=0x00007f81a8425e2f sp=0x00007f8145f5bd58 mode 0
Event: 0.338 Thread 0x00007f81b83cce70 DEOPT PACKING pc=0x00007f81a11aa738 sp=0x00007f8145f5c8c0
Event: 0.338 Thread 0x00007f81b83cce70 DEOPT UNPACKING pc=0x00007f81a8425e2f sp=0x00007f8145f5bd58 mode 0
Event: 0.338 Thread 0x00007f81b83cce70 DEOPT PACKING pc=0x00007f81a11aa738 sp=0x00007f8145f5c8c0
Event: 0.338 Thread 0x00007f81b83cce70 DEOPT UNPACKING pc=0x00007f81a8425e2f sp=0x00007f8145f5bd58 mode 0
Event: 0.338 Thread 0x00007f81b83cce70 DEOPT PACKING pc=0x00007f81a11aa738 sp=0x00007f8145f5c8c0
Event: 0.339 Thread 0x00007f81b83cce70 DEOPT UNPACKING pc=0x00007f81a8425e2f sp=0x00007f8145f5bd58 mode 0

Classes loaded (20 events):
Event: 0.355 Loading class java/nio/file/Files$AcceptAllFilter
Event: 0.355 Loading class java/nio/file/Files$AcceptAllFilter done
Event: 0.356 Loading class java/nio/file/ClosedDirectoryStreamException
Event: 0.356 Loading class java/nio/file/ClosedDirectoryStreamException done
Event: 0.356 Loading class java/nio/file/DirectoryIteratorException
Event: 0.356 Loading class java/util/ConcurrentModificationException
Event: 0.356 Loading class java/util/ConcurrentModificationException done
Event: 0.356 Loading class java/nio/file/DirectoryIteratorException done
Event: 0.356 Loading class java/nio/file/FileTreeWalker$DirectoryNode
Event: 0.356 Loading class java/nio/file/FileTreeWalker$DirectoryNode done
Event: 0.356 Loading class java/nio/file/FileTreeWalker$Event
Event: 0.356 Loading class java/nio/file/FileTreeWalker$Event done
Event: 0.356 Loading class java/nio/file/FileTreeWalker$EventType
Event: 0.356 Loading class java/nio/file/FileTreeWalker$EventType done
Event: 0.356 Loading class java/nio/file/Files$3
Event: 0.356 Loading class java/nio/file/Files$3 done
Event: 0.356 Loading class java/nio/file/FileVisitResult
Event: 0.356 Loading class java/nio/file/FileVisitResult done
Event: 0.356 Loading class sun/nio/fs/BasicFileAttributesHolder
Event: 0.356 Loading class sun/nio/fs/BasicFileAttributesHolder done

Classes unloaded (0 events):
No events

Classes redefined (0 events):
No events

Internal exceptions (12 events):
Event: 0.057 Thread 0x00007f81b802a590 Exception <a 'java/lang/NoSuchMethodError'{0x00000000ff4c1ed8}: 'void java.lang.invoke.DirectMethodHandle$Holder.invokeStatic(java.lang.Object, java.lang.Object, java.lang.Object)'> (0x00000000ff4c1ed8)
thrown [src/hotspot/share/interpreter/linkResolver.cpp, line 758]
Event: 0.087 Thread 0x00007f81b802a590 Exception <a 'java/lang/NoSuchMethodError'{0x00000000ff567810}: 'void java.lang.invoke.DirectMethodHandle$Holder.invokeStatic(java.lang.Object, java.lang.Object, java.lang.Object, java.lang.Object)'> (0x00000000ff567810)
thrown [src/hotspot/share/interpreter/linkResolver.cpp, line 758]
Event: 0.173 Thread 0x00007f81b802a590 Exception <a 'java/lang/NoSuchMethodError'{0x00000000fff3e308}: 'java.lang.Object java.lang.invoke.DirectMethodHandle$Holder.newInvokeSpecial(java.lang.Object, java.lang.Object, java.lang.Object, java.lang.Object, java.lang.Object)'> (0x00000000fff3e308)
thrown [src/hotspot/share/interpreter/linkResolver.cpp, line 758]
Event: 0.179 Thread 0x00007f81b802a590 Exception <a 'java/lang/NoSuchMethodError'{0x00000000fff6b428}: 'java.lang.Object java.lang.invoke.DirectMethodHandle$Holder.invokeInterface(java.lang.Object, java.lang.Object)'> (0x00000000fff6b428)
thrown [src/hotspot/share/interpreter/linkResolver.cpp, line 758]
Event: 0.179 Thread 0x00007f81b802a590 Exception <a 'java/lang/IncompatibleClassChangeError'{0x00000000fff6e988}: Found class java.lang.Object, but interface was expected> (0x00000000fff6e988)
thrown [src/hotspot/share/interpreter/linkResolver.cpp, line 826]
Event: 0.184 Thread 0x00007f81b802a590 Exception <a 'java/lang/NoSuchMethodError'{0x00000000fffa6ea0}: 'void java.lang.invoke.DirectMethodHandle$Holder.invokeSpecial(java.lang.Object, java.lang.Object, java.lang.Object)'> (0x00000000fffa6ea0)
thrown [src/hotspot/share/interpreter/linkResolver.cpp, line 758]
Event: 0.237 Thread 0x00007f81b83cce70 Exception <a 'java/lang/NoSuchMethodError'{0x00000000fe1b1030}: 'void java.lang.invoke.DirectMethodHandle$Holder.invokeVirtual(java.lang.Object, java.lang.Object)'> (0x00000000fe1b1030)
thrown [src/hotspot/share/interpreter/linkResolver.cpp, line 758]
Event: 0.267 Thread 0x00007f81b83cce70 Exception <a 'java/lang/NoSuchMethodError'{0x00000000fea4df40}: 'java.lang.Object java.lang.invoke.DirectMethodHandle$Holder.invokeStaticInit(java.lang.Object)'> (0x00000000fea4df40)
thrown [src/hotspot/share/interpreter/linkResolver.cpp, line 758]
Event: 0.288 Thread 0x00007f81b83cce70 Exception <a 'java/lang/NoSuchMethodError'{0x00000000fec66528}: 'void java.lang.invoke.DirectMethodHandle$Holder.invokeStaticInit(java.lang.Object, java.lang.Object, java.lang.Object)'> (0x00000000fec66528)
thrown [src/hotspot/share/interpreter/linkResolver.cpp, line 758]
Event: 0.289 Thread 0x00007f81b83cce70 Exception <a 'java/lang/NoSuchMethodError'{0x00000000fec6ca38}: 'void java.lang.invoke.DirectMethodHandle$Holder.invokeStaticInit(java.lang.Object, java.lang.Object, java.lang.Object, java.lang.Object)'> (0x00000000fec6ca38)
thrown [src/hotspot/share/interpreter/linkResolver.cpp, line 758]
Event: 0.291 Thread 0x00007f81b83cce70 Exception <a 'java/lang/NoSuchMethodError'{0x00000000fec8d8e0}: 'int java.lang.invoke.DirectMethodHandle$Holder.invokeStaticInit(java.lang.Object, java.lang.Object, java.lang.Object)'> (0x00000000fec8d8e0)
thrown [src/hotspot/share/interpreter/linkResolver.cpp, line 758]
Event: 0.300 Thread 0x00007f81b83cce70 Exception <a 'java/lang/NoSuchMethodError'{0x00000000fecee4d0}: 'int java.lang.invoke.DirectMethodHandle$Holder.invokeVirtual(java.lang.Object, java.lang.Object)'> (0x00000000fecee4d0)
thrown [src/hotspot/share/interpreter/linkResolver.cpp, line 758]

VM Operations (8 events):
Event: 0.300 Executing VM operation: ICBufferFull
Event: 0.300 Executing VM operation: ICBufferFull done
Event: 0.314 Executing VM operation: HandshakeAllThreads
Event: 0.314 Executing VM operation: HandshakeAllThreads done
Event: 0.317 Executing VM operation: HandshakeAllThreads
Event: 0.317 Executing VM operation: HandshakeAllThreads done
Event: 0.350 Executing VM operation: HandshakeAllThreads
Event: 0.350 Executing VM operation: HandshakeAllThreads done

Memory protections (20 events):
Event: 0.024 Protecting memory [0x00007f8146c1d000,0x00007f8146c21000] with protection modes 0
Event: 0.025 Protecting memory [0x00007f8146b1c000,0x00007f8146b20000] with protection modes 0
Event: 0.025 Protecting memory [0x00007f8146a1b000,0x00007f8146a1f000] with protection modes 0
Event: 0.025 Protecting memory [0x00007f814691a000,0x00007f814691e000] with protection modes 0
Event: 0.025 Protecting memory [0x00007f8146819000,0x00007f814681d000] with protection modes 0
Event: 0.027 Protecting memory [0x00007f8146718000,0x00007f814671c000] with protection modes 0
Event: 0.028 Protecting memory [0x00007f8146516000,0x00007f814651a000] with protection modes 0
Event: 0.032 Protecting memory [0x00007f8146415000,0x00007f8146419000] with protection modes 0
Event: 0.035 Protecting memory [0x00007f8146314000,0x00007f8146318000] with protection modes 0
Event: 0.112 Protecting memory [0x00007f8146213000,0x00007f8146217000] with protection modes 0
Event: 0.112 Protecting memory [0x00007f8146112000,0x00007f8146116000] with protection modes 0
Event: 0.193 Protecting memory [0x00007f8145e60000,0x00007f8145e64000] with protection modes 0
Event: 0.193 Protecting memory [0x00007f81be025000,0x00007f81be029000] with protection modes 0
Event: 0.214 Protecting memory [0x00007f8145d5f000,0x00007f8145d63000] with protection modes 0
Event: 0.214 Protecting memory [0x00007f8145c5e000,0x00007f8145c62000] with protection modes 0
Event: 0.340 Protecting memory [0x00007f8145a80000,0x00007f8145a84000] with protection modes 0
Event: 0.340 Protecting memory [0x00007f814597f000,0x00007f8145983000] with protection modes 0
Event: 0.340 Protecting memory [0x00007f814587e000,0x00007f8145882000] with protection modes 0
Event: 0.340 Protecting memory [0x00007f814577d000,0x00007f8145781000] with protection modes 0
Event: 0.343 Protecting memory [0x00007f814567c000,0x00007f8145680000] with protection modes 0

Nmethod flushes (0 events):
No events

Events (20 events):
Event: 0.025 Thread 0x00007f81b802a590 Thread added: 0x00007f81b8284aa0
Event: 0.025 Thread 0x00007f81b802a590 Thread added: 0x00007f81b8286500
Event: 0.025 Thread 0x00007f81b802a590 Thread added: 0x00007f81b8287a80
Event: 0.025 Thread 0x00007f81b802a590 Thread added: 0x00007f81b8288f00
Event: 0.027 Thread 0x00007f81b802a590 Thread added: 0x00007f81b8290510
Event: 0.028 Thread 0x00007f81b802a590 Thread added: 0x00007f81b8293b30
Event: 0.032 Thread 0x00007f81b8287a80 Thread added: 0x00007f80b402b680
Event: 0.035 Thread 0x00007f81b8286500 Thread added: 0x00007f80b808e9e0
Event: 0.112 Thread 0x00007f81b8287a80 Thread added: 0x00007f80b4105530
Event: 0.112 Thread 0x00007f81b8287a80 Thread added: 0x00007f80b4106620
Event: 0.193 Thread 0x00007f81b802a590 Thread added: 0x00007f81b83cce70
Event: 0.193 Thread 0x00007f81b802a590 Thread exited: 0x00007f81b802a590
Event: 0.193 Thread 0x00007f81b802a590 Thread added: 0x00007f81b802a590
Event: 0.214 Thread 0x00007f80b4106620 Thread added: 0x00007f8084006990
Event: 0.214 Thread 0x00007f80b4106620 Thread added: 0x00007f8084007a00
Event: 0.340 Thread 0x00007f80b4105530 Thread added: 0x00007f8088009cb0
Event: 0.340 Thread 0x00007f80b4105530 Thread added: 0x00007f808800ae10
Event: 0.340 Thread 0x00007f80b4105530 Thread added: 0x00007f808800bf00
Event: 0.340 Thread 0x00007f80b4105530 Thread added: 0x00007f808800d3f0
Event: 0.343 Thread 0x00007f808800d3f0 Thread added: 0x00007f80580290a0


Dynamic libraries:
82000000-100000000 rw-p 00000000 00:00 0
100000000-7fe000000 ---p 00000000 00:00 0
7fe000000-7fef00000 rw-p 00000000 00:00 0
7fef00000-7fef75000 rw-p 00c7c000 fd:00 19247776                         /usr/lib/jvm/java-17-openjdk-17.0.17.0.10-1.el9.x86_64/lib/server/classes.jsa
7fef75000-7ff000000 rw-p 00000000 00:00 0
7ff000000-7ff078000 rw-p 00c04000 fd:00 19247776                         /usr/lib/jvm/java-17-openjdk-17.0.17.0.10-1.el9.x86_64/lib/server/classes.jsa
7ff078000-800000000 rw-p 00000000 00:00 0
56533582b000-56533582c000 r--p 00000000 fd:00 975595                     /usr/lib/jvm/java-17-openjdk-17.0.17.0.10-1.el9.x86_64/bin/java
56533582c000-56533582d000 r-xp 00001000 fd:00 975595                     /usr/lib/jvm/java-17-openjdk-17.0.17.0.10-1.el9.x86_64/bin/java
56533582d000-56533582e000 r--p 00002000 fd:00 975595                     /usr/lib/jvm/java-17-openjdk-17.0.17.0.10-1.el9.x86_64/bin/java
56533582e000-56533582f000 r--p 00002000 fd:00 975595                     /usr/lib/jvm/java-17-openjdk-17.0.17.0.10-1.el9.x86_64/bin/java
56533582f000-565335830000 rw-p 00003000 fd:00 975595                     /usr/lib/jvm/java-17-openjdk-17.0.17.0.10-1.el9.x86_64/bin/java
565336ece000-565336f15000 rw-p 00000000 00:00 0                          [heap]
7f8054000000-7f80540cc000 rw-p 00000000 00:00 0
7f80540cc000-7f8058000000 ---p 00000000 00:00 0
7f8058000000-7f80581a2000 rw-p 00000000 00:00 0
7f80581a2000-7f805c000000 ---p 00000000 00:00 0
7f8060000000-7f806017f000 rw-p 00000000 00:00 0
7f806017f000-7f8064000000 ---p 00000000 00:00 0
7f8064000000-7f80640d6000 rw-p 00000000 00:00 0
7f80640d6000-7f8068000000 ---p 00000000 00:00 0
7f806c000000-7f806c18b000 rw-p 00000000 00:00 0
7f806c18b000-7f8070000000 ---p 00000000 00:00 0
7f8070000000-7f8070037000 rw-p 00000000 00:00 0
7f8070037000-7f8074000000 ---p 00000000 00:00 0
7f8078000000-7f8078026000 rw-p 00000000 00:00 0
7f8078026000-7f807c000000 ---p 00000000 00:00 0
7f807c000000-7f807c1b7000 rw-p 00000000 00:00 0
7f807c1b7000-7f8080000000 ---p 00000000 00:00 0
7f8084000000-7f8084037000 rw-p 00000000 00:00 0
7f8084037000-7f8088000000 ---p 00000000 00:00 0
7f8088000000-7f8088032000 rw-p 00000000 00:00 0
7f8088032000-7f808c000000 ---p 00000000 00:00 0
7f8090000000-7f80901ee000 rw-p 00000000 00:00 0
7f80901ee000-7f8094000000 ---p 00000000 00:00 0
7f8094000000-7f80940ba000 rw-p 00000000 00:00 0
7f80940ba000-7f8098000000 ---p 00000000 00:00 0
7f809c000000-7f809c021000 rw-p 00000000 00:00 0
7f809c021000-7f80a0000000 ---p 00000000 00:00 0
7f80a0000000-7f80a0021000 rw-p 00000000 00:00 0
7f80a0021000-7f80a4000000 ---p 00000000 00:00 0
7f80a8000000-7f80a8021000 rw-p 00000000 00:00 0
7f80a8021000-7f80ac000000 ---p 00000000 00:00 0
7f80ac000000-7f80ac021000 rw-p 00000000 00:00 0
7f80ac021000-7f80b0000000 ---p 00000000 00:00 0
7f80b4000000-7f80b4144000 rw-p 00000000 00:00 0
7f80b4144000-7f80b8000000 ---p 00000000 00:00 0
7f80b8000000-7f80b8251000 rw-p 00000000 00:00 0
7f80b8251000-7f80bc000000 ---p 00000000 00:00 0
7f80c0000000-7f80c0021000 rw-p 00000000 00:00 0
7f80c0021000-7f80c4000000 ---p 00000000 00:00 0
7f80c4000000-7f80c4021000 rw-p 00000000 00:00 0
7f80c4021000-7f80c8000000 ---p 00000000 00:00 0
7f80cc000000-7f80cc021000 rw-p 00000000 00:00 0
7f80cc021000-7f80d0000000 ---p 00000000 00:00 0
7f80d2a00000-7f80dff30000 r--p 00000000 fd:00 16966132                   /usr/lib/locale/locale-archive
7f80e0000000-7f80e0021000 rw-p 00000000 00:00 0
7f80e0021000-7f80e4000000 ---p 00000000 00:00 0
7f80e4000000-7f80e4021000 rw-p 00000000 00:00 0
7f80e4021000-7f80e8000000 ---p 00000000 00:00 0
7f80ec000000-7f80ec021000 rw-p 00000000 00:00 0
7f80ec021000-7f80f0000000 ---p 00000000 00:00 0
7f80f3000000-7f80f3250000 rw-p 00000000 00:00 0
7f80f3250000-7f80f3400000 ---p 00000000 00:00 0
7f80f3400000-7f80f37d0000 rw-p 00000000 00:00 0
7f80f37d0000-7f80f7000000 ---p 00000000 00:00 0
7f80f7000000-7f80f7bcc000 rw-p 00001000 fd:00 19247776                   /usr/lib/jvm/java-17-openjdk-17.0.17.0.10-1.el9.x86_64/lib/server/classes.jsa
7f80f7bcc000-7f80f8000000 ---p 00000000 00:00 0
7f80f8000000-7f80f8030000 rw-p 00000000 00:00 0
7f80f8030000-7f80f8070000 rw-p 00000000 00:00 0
7f80f8070000-7f80f80d0000 rw-p 00000000 00:00 0
7f80f80d0000-7f8138000000 ---p 00000000 00:00 0
7f8138000000-7f8138021000 rw-p 00000000 00:00 0
7f8138021000-7f813c000000 ---p 00000000 00:00 0
7f8140000000-7f8140021000 rw-p 00000000 00:00 0
7f8140021000-7f8144000000 ---p 00000000 00:00 0
7f814528c000-7f814567b000 rw-p 00000000 00:00 0
7f814567b000-7f814567c000 ---p 00000000 00:00 0
7f814567c000-7f8145680000 ---p 00000000 00:00 0
7f8145680000-7f814577c000 rw-p 00000000 00:00 0
7f814577c000-7f814577d000 ---p 00000000 00:00 0
7f814577d000-7f8145781000 ---p 00000000 00:00 0
7f8145781000-7f814587d000 rw-p 00000000 00:00 0
7f814587d000-7f814587e000 ---p 00000000 00:00 0
7f814587e000-7f8145882000 ---p 00000000 00:00 0
7f8145882000-7f814597e000 rw-p 00000000 00:00 0
7f814597e000-7f814597f000 ---p 00000000 00:00 0
7f814597f000-7f8145983000 ---p 00000000 00:00 0
7f8145983000-7f8145a7f000 rw-p 00000000 00:00 0
7f8145a7f000-7f8145a80000 ---p 00000000 00:00 0
7f8145a80000-7f8145a84000 ---p 00000000 00:00 0
7f8145a84000-7f8145b80000 rw-p 00000000 00:00 0
7f8145b80000-7f8145c5d000 rw-p 00000000 00:00 0
7f8145c5d000-7f8145c5e000 ---p 00000000 00:00 0
7f8145c5e000-7f8145c62000 ---p 00000000 00:00 0
7f8145c62000-7f8145d5e000 rw-p 00000000 00:00 0
7f8145d5e000-7f8145d5f000 ---p 00000000 00:00 0
7f8145d5f000-7f8145d63000 ---p 00000000 00:00 0
7f8145d63000-7f8145e5f000 rw-p 00000000 00:00 0
7f8145e5f000-7f8145e60000 ---p 00000000 00:00 0
7f8145e60000-7f8145e64000 ---p 00000000 00:00 0
7f8145e64000-7f8145f60000 rw-p 00000000 00:00 0
7f8145f60000-7f8145f6c000 r--p 00000000 fd:00 16777769                   /usr/lib64/libnspr4.so
7f8145f6c000-7f8145f91000 r-xp 0000c000 fd:00 16777769                   /usr/lib64/libnspr4.so
7f8145f91000-7f8145f9c000 r--p 00031000 fd:00 16777769                   /usr/lib64/libnspr4.so
7f8145f9c000-7f8145f9e000 r--p 0003c000 fd:00 16777769                   /usr/lib64/libnspr4.so
7f8145f9e000-7f8145f9f000 rw-p 0003e000 fd:00 16777769                   /usr/lib64/libnspr4.so
7f8145f9f000-7f8145fa2000 rw-p 00000000 00:00 0
7f8145fa2000-7f8145faf000 r--p 00000000 fd:00 16841804                   /usr/lib64/libnssutil3.so
7f8145faf000-7f8145fc2000 r-xp 0000d000 fd:00 16841804                   /usr/lib64/libnssutil3.so
7f8145fc2000-7f8145fcf000 r--p 00020000 fd:00 16841804                   /usr/lib64/libnssutil3.so
7f8145fcf000-7f8145fd6000 r--p 0002d000 fd:00 16841804                   /usr/lib64/libnssutil3.so
7f8145fd6000-7f8145fd7000 rw-p 00034000 fd:00 16841804                   /usr/lib64/libnssutil3.so
7f8145fd7000-7f8145ff1000 r--p 00000000 fd:00 16966167                   /usr/lib64/libnss3.so
7f8145ff1000-7f81460d3000 r-xp 0001a000 fd:00 16966167                   /usr/lib64/libnss3.so
7f81460d3000-7f8146107000 r--p 000fc000 fd:00 16966167                   /usr/lib64/libnss3.so
7f8146107000-7f814610e000 r--p 0012f000 fd:00 16966167                   /usr/lib64/libnss3.so
7f814610e000-7f814610f000 rw-p 00136000 fd:00 16966167                   /usr/lib64/libnss3.so
7f814610f000-7f8146111000 rw-p 00000000 00:00 0
7f8146111000-7f8146112000 ---p 00000000 00:00 0
7f8146112000-7f8146116000 ---p 00000000 00:00 0
7f8146116000-7f8146212000 rw-p 00000000 00:00 0
7f8146212000-7f8146213000 ---p 00000000 00:00 0
7f8146213000-7f8146217000 ---p 00000000 00:00 0
7f8146217000-7f8146313000 rw-p 00000000 00:00 0
7f8146313000-7f8146314000 ---p 00000000 00:00 0
7f8146314000-7f8146318000 ---p 00000000 00:00 0
7f8146318000-7f8146414000 rw-p 00000000 00:00 0
7f8146414000-7f8146415000 ---p 00000000 00:00 0
7f8146415000-7f8146419000 ---p 00000000 00:00 0
7f8146419000-7f8146515000 rw-p 00000000 00:00 0
7f8146515000-7f8146516000 ---p 00000000 00:00 0
7f8146516000-7f814651a000 ---p 00000000 00:00 0
7f814651a000-7f8146616000 rw-p 00000000 00:00 0
7f8146616000-7f8146617000 ---p 00000000 00:00 0
7f8146617000-7f8146717000 rw-p 00000000 00:00 0
7f8146717000-7f8146718000 ---p 00000000 00:00 0
7f8146718000-7f814671c000 ---p 00000000 00:00 0
7f814671c000-7f8146818000 rw-p 00000000 00:00 0
7f8146818000-7f8146819000 ---p 00000000 00:00 0
7f8146819000-7f814681d000 ---p 00000000 00:00 0
7f814681d000-7f8146919000 rw-p 00000000 00:00 0
7f8146919000-7f814691a000 ---p 00000000 00:00 0
7f814691a000-7f814691e000 ---p 00000000 00:00 0
7f814691e000-7f8146a1a000 rw-p 00000000 00:00 0
7f8146a1a000-7f8146a1b000 ---p 00000000 00:00 0
7f8146a1b000-7f8146a1f000 ---p 00000000 00:00 0
7f8146a1f000-7f8146b1b000 rw-p 00000000 00:00 0
7f8146b1b000-7f8146b1c000 ---p 00000000 00:00 0
7f8146b1c000-7f8146b20000 ---p 00000000 00:00 0
7f8146b20000-7f8146c1c000 rw-p 00000000 00:00 0
7f8146c1c000-7f8146c1d000 ---p 00000000 00:00 0
7f8146c1d000-7f8146c21000 ---p 00000000 00:00 0
7f8146c21000-7f8146d1d000 rw-p 00000000 00:00 0
7f8146d1d000-7f8146d1e000 ---p 00000000 00:00 0
7f8146d1e000-7f8146d22000 ---p 00000000 00:00 0
7f8146d22000-7f8146e1e000 rw-p 00000000 00:00 0
7f8146e1e000-7f8146e1f000 ---p 00000000 00:00 0
7f8146e1f000-7f8146e23000 ---p 00000000 00:00 0
7f8146e23000-7f8146f1f000 rw-p 00000000 00:00 0
7f8146f1f000-7f8146f20000 ---p 00000000 00:00 0
7f8146f20000-7f8146f24000 ---p 00000000 00:00 0
7f8146f24000-7f8147020000 rw-p 00000000 00:00 0
7f8147020000-7f8147021000 ---p 00000000 00:00 0
7f8147021000-7f8147121000 rw-p 00000000 00:00 0
7f8147121000-7f8147126000 r--p 00000000 fd:00 975775                     /usr/lib/jvm/java-17-openjdk-17.0.17.0.10-1.el9.x86_64/lib/libjsvml.so
7f8147126000-7f8147167000 r-xp 00005000 fd:00 975775                     /usr/lib/jvm/java-17-openjdk-17.0.17.0.10-1.el9.x86_64/lib/libjsvml.so
7f8147167000-7f81471f0000 r--p 00046000 fd:00 975775                     /usr/lib/jvm/java-17-openjdk-17.0.17.0.10-1.el9.x86_64/lib/libjsvml.so
7f81471f0000-7f81471f1000 r--p 000ce000 fd:00 975775                     /usr/lib/jvm/java-17-openjdk-17.0.17.0.10-1.el9.x86_64/lib/libjsvml.so
7f81471f1000-7f81471f2000 rw-p 000cf000 fd:00 975775                     /usr/lib/jvm/java-17-openjdk-17.0.17.0.10-1.el9.x86_64/lib/libjsvml.so
7f81471f2000-7f81471f3000 ---p 00000000 00:00 0
7f81471f3000-7f81472f3000 rw-p 00000000 00:00 0
7f81472f3000-7f81472f4000 ---p 00000000 00:00 0
7f81472f4000-7f81473f4000 rw-p 00000000 00:00 0
7f81473f4000-7f8148021000 rw-p 00000000 00:00 0
7f8148021000-7f814c000000 ---p 00000000 00:00 0
7f814c000000-7f814c021000 rw-p 00000000 00:00 0
7f814c021000-7f8150000000 ---p 00000000 00:00 0
7f8150005000-7f8154021000 rw-p 00000000 00:00 0
7f8154021000-7f8158000000 ---p 00000000 00:00 0
7f8158012000-7f8158053000 rw-p 00000000 00:00 0
7f8158053000-7f8158054000 ---p 00000000 00:00 0
7f8158054000-7f8158154000 rw-p 00000000 00:00 0
7f8158154000-7f8158155000 ---p 00000000 00:00 0
7f8158155000-7f8158255000 rw-p 00000000 00:00 0
7f8158255000-7f8158256000 ---p 00000000 00:00 0
7f8158256000-7f8158356000 rw-p 00000000 00:00 0
7f8158356000-7f815a5aa000 rw-p 00000000 00:00 0
7f815a5aa000-7f817652a000 ---p 00000000 00:00 0
7f817652a000-7f817852a000 rw-p 00000000 00:00 0
7f817852a000-7f81944aa000 ---p 00000000 00:00 0
7f81944aa000-7f819491a000 rw-p 00000000 00:00 0
7f819491a000-7f819810a000 ---p 00000000 00:00 0
7f819810a000-7f819850a000 rw-p 00000000 00:00 0
7f819850a000-7f819bcfa000 ---p 00000000 00:00 0
7f819bcfa000-7f819c0fa000 rw-p 00000000 00:00 0
7f819c0fa000-7f819f8ea000 ---p 00000000 00:00 0
7f819f8ea000-7f81a1000000 rw-p 00000000 00:00 0
7f81a1000000-7f81a1270000 rwxp 00000000 00:00 0
7f81a1270000-7f81a83cf000 ---p 00000000 00:00 0
7f81a83cf000-7f81a881f000 rwxp 00000000 00:00 0
7f81a881f000-7f81a8c30000 ---p 00000000 00:00 0
7f81a8c30000-7f81a8ea0000 rwxp 00000000 00:00 0
7f81a8ea0000-7f81b0000000 ---p 00000000 00:00 0
7f81b0000000-7f81b7fbe000 r--s 00000000 fd:00 975794                     /usr/lib/jvm/java-17-openjdk-17.0.17.0.10-1.el9.x86_64/lib/modules
7f81b7fc9000-7f81b7fcb000 r--p 00000000 fd:00 975793                     /usr/lib/jvm/java-17-openjdk-17.0.17.0.10-1.el9.x86_64/lib/libzip.so
7f81b7fcb000-7f81b7fdd000 r-xp 00002000 fd:00 975793                     /usr/lib/jvm/java-17-openjdk-17.0.17.0.10-1.el9.x86_64/lib/libzip.so
7f81b7fdd000-7f81b7fe5000 r--p 00014000 fd:00 975793                     /usr/lib/jvm/java-17-openjdk-17.0.17.0.10-1.el9.x86_64/lib/libzip.so
7f81b7fe5000-7f81b7fe6000 r--p 0001b000 fd:00 975793                     /usr/lib/jvm/java-17-openjdk-17.0.17.0.10-1.el9.x86_64/lib/libzip.so
7f81b7fe6000-7f81b7fe7000 rw-p 00000000 00:00 0
7f81b7fe7000-7f81b7feb000 r--p 00000000 fd:00 975783                     /usr/lib/jvm/java-17-openjdk-17.0.17.0.10-1.el9.x86_64/lib/libnet.so
7f81b7feb000-7f81b7ffa000 r-xp 00004000 fd:00 975783                     /usr/lib/jvm/java-17-openjdk-17.0.17.0.10-1.el9.x86_64/lib/libnet.so
7f81b7ffa000-7f81b7ffe000 r--p 00013000 fd:00 975783                     /usr/lib/jvm/java-17-openjdk-17.0.17.0.10-1.el9.x86_64/lib/libnet.so
7f81b7ffe000-7f81b7fff000 r--p 00016000 fd:00 975783                     /usr/lib/jvm/java-17-openjdk-17.0.17.0.10-1.el9.x86_64/lib/libnet.so
7f81b7fff000-7f81b8000000 rw-p 00017000 fd:00 975783                     /usr/lib/jvm/java-17-openjdk-17.0.17.0.10-1.el9.x86_64/lib/libnet.so
7f81b8000000-7f81b83d1000 rw-p 00000000 00:00 0
7f81b83d1000-7f81bc000000 ---p 00000000 00:00 0
7f81bc003000-7f81bd51d000 rw-p 00000000 00:00 0
7f81bd51d000-7f81bd600000 ---p 00000000 00:00 0
7f81bd600000-7f81bded4000 r--s 00000000 fd:02 134217893                  /var/lib/sss/mc/passwd
7f81bdee0000-7f81bdee1000 r--p 00000000 fd:00 17351903                   /usr/lib64/libplds4.so
7f81bdee1000-7f81bdee2000 r-xp 00001000 fd:00 17351903                   /usr/lib64/libplds4.so
7f81bdee2000-7f81bdee3000 r--p 00002000 fd:00 17351903                   /usr/lib64/libplds4.so
7f81bdee3000-7f81bdee4000 r--p 00002000 fd:00 17351903                   /usr/lib64/libplds4.so
7f81bdee4000-7f81bdee5000 rw-p 00003000 fd:00 17351903                   /usr/lib64/libplds4.so
7f81bdee5000-7f81bdee7000 r--p 00000000 fd:00 16967212                   /usr/lib64/libplc4.so
7f81bdee7000-7f81bdee9000 r-xp 00002000 fd:00 16967212                   /usr/lib64/libplc4.so
7f81bdee9000-7f81bdeea000 r--p 00004000 fd:00 16967212                   /usr/lib64/libplc4.so
7f81bdeea000-7f81bdeeb000 r--p 00004000 fd:00 16967212                   /usr/lib64/libplc4.so
7f81bdeeb000-7f81bdeec000 rw-p 00005000 fd:00 16967212                   /usr/lib64/libplc4.so
7f81bdeec000-7f81bdef3000 r--p 00000000 fd:00 975784                     /usr/lib/jvm/java-17-openjdk-17.0.17.0.10-1.el9.x86_64/lib/libnio.so
7f81bdef3000-7f81bdefd000 r-xp 00007000 fd:00 975784                     /usr/lib/jvm/java-17-openjdk-17.0.17.0.10-1.el9.x86_64/lib/libnio.so
7f81bdefd000-7f81bdf01000 r--p 00011000 fd:00 975784                     /usr/lib/jvm/java-17-openjdk-17.0.17.0.10-1.el9.x86_64/lib/libnio.so
7f81bdf01000-7f81bdf02000 r--p 00015000 fd:00 975784                     /usr/lib/jvm/java-17-openjdk-17.0.17.0.10-1.el9.x86_64/lib/libnio.so
7f81bdf02000-7f81bdf03000 rw-p 00016000 fd:00 975784                     /usr/lib/jvm/java-17-openjdk-17.0.17.0.10-1.el9.x86_64/lib/libnio.so
7f81bdf03000-7f81bdf08000 rw-p 00000000 00:00 0
7f81bdf08000-7f81bdfeb000 ---p 00000000 00:00 0
7f81bdfeb000-7f81bdff4000 rw-p 00000000 00:00 0
7f81bdff4000-7f81bdffc000 ---p 00000000 00:00 0
7f81bdffc000-7f81be008000 r--p 00000000 fd:00 975768                     /usr/lib/jvm/java-17-openjdk-17.0.17.0.10-1.el9.x86_64/lib/libjava.so
7f81be008000-7f81be01c000 r-xp 0000c000 fd:00 975768                     /usr/lib/jvm/java-17-openjdk-17.0.17.0.10-1.el9.x86_64/lib/libjava.so
7f81be01c000-7f81be022000 r--p 00020000 fd:00 975768                     /usr/lib/jvm/java-17-openjdk-17.0.17.0.10-1.el9.x86_64/lib/libjava.so
7f81be022000-7f81be023000 r--p 00026000 fd:00 975768                     /usr/lib/jvm/java-17-openjdk-17.0.17.0.10-1.el9.x86_64/lib/libjava.so
7f81be023000-7f81be024000 rw-p 00027000 fd:00 975768                     /usr/lib/jvm/java-17-openjdk-17.0.17.0.10-1.el9.x86_64/lib/libjava.so
7f81be024000-7f81be025000 rw-p 00000000 00:00 0
7f81be025000-7f81be029000 ---p 00000000 00:00 0
7f81be029000-7f81be125000 rw-p 00000000 00:00 0
7f81be125000-7f81be132000 r--p 00000000 fd:00 16841222                   /usr/lib64/libm.so.6
7f81be132000-7f81be1a2000 r-xp 0000d000 fd:00 16841222                   /usr/lib64/libm.so.6
7f81be1a2000-7f81be1fe000 r--p 0007d000 fd:00 16841222                   /usr/lib64/libm.so.6
7f81be1fe000-7f81be1ff000 r--p 000d8000 fd:00 16841222                   /usr/lib64/libm.so.6
7f81be1ff000-7f81be200000 rw-p 000d9000 fd:00 16841222                   /usr/lib64/libm.so.6
7f81be200000-7f81be453000 r--p 00000000 fd:00 19247779                   /usr/lib/jvm/java-17-openjdk-17.0.17.0.10-1.el9.x86_64/lib/server/libjvm.so
7f81be453000-7f81bf20e000 r-xp 00253000 fd:00 19247779                   /usr/lib/jvm/java-17-openjdk-17.0.17.0.10-1.el9.x86_64/lib/server/libjvm.so
7f81bf20e000-7f81bf494000 r--p 0100e000 fd:00 19247779                   /usr/lib/jvm/java-17-openjdk-17.0.17.0.10-1.el9.x86_64/lib/server/libjvm.so
7f81bf494000-7f81bf54d000 r--p 01294000 fd:00 19247779                   /usr/lib/jvm/java-17-openjdk-17.0.17.0.10-1.el9.x86_64/lib/server/libjvm.so
7f81bf54d000-7f81bf582000 rw-p 0134d000 fd:00 19247779                   /usr/lib/jvm/java-17-openjdk-17.0.17.0.10-1.el9.x86_64/lib/server/libjvm.so
7f81bf582000-7f81bf5dd000 rw-p 00000000 00:00 0
7f81bf5df000-7f81bf5e3000 r--p 00000000 fd:00 975771                     /usr/lib/jvm/java-17-openjdk-17.0.17.0.10-1.el9.x86_64/lib/libjimage.so
7f81bf5e3000-7f81bf5f7000 r-xp 00004000 fd:00 975771                     /usr/lib/jvm/java-17-openjdk-17.0.17.0.10-1.el9.x86_64/lib/libjimage.so
7f81bf5f7000-7f81bf5fd000 r--p 00018000 fd:00 975771                     /usr/lib/jvm/java-17-openjdk-17.0.17.0.10-1.el9.x86_64/lib/libjimage.so
7f81bf5fd000-7f81bf5ff000 r--p 0001d000 fd:00 975771                     /usr/lib/jvm/java-17-openjdk-17.0.17.0.10-1.el9.x86_64/lib/libjimage.so
7f81bf5ff000-7f81bf600000 rw-p 0001f000 fd:00 975771                     /usr/lib/jvm/java-17-openjdk-17.0.17.0.10-1.el9.x86_64/lib/libjimage.so
7f81bf600000-7f81bf629000 r--p 00000000 fd:00 16841219                   /usr/lib64/libc.so.6
7f81bf629000-7f81bf79e000 r-xp 00029000 fd:00 16841219                   /usr/lib64/libc.so.6
7f81bf79e000-7f81bf7f6000 r--p 0019e000 fd:00 16841219                   /usr/lib64/libc.so.6
7f81bf7f6000-7f81bf7fa000 r--p 001f6000 fd:00 16841219                   /usr/lib64/libc.so.6
7f81bf7fa000-7f81bf7fc000 rw-p 001fa000 fd:00 16841219                   /usr/lib64/libc.so.6
7f81bf7fc000-7f81bf809000 rw-p 00000000 00:00 0
7f81bf809000-7f81bf80b000 r--p 00000000 fd:00 16842871                   /usr/lib64/libnss_sss.so.2
7f81bf80b000-7f81bf813000 r-xp 00002000 fd:00 16842871                   /usr/lib64/libnss_sss.so.2
7f81bf813000-7f81bf815000 r--p 0000a000 fd:00 16842871                   /usr/lib64/libnss_sss.so.2
7f81bf815000-7f81bf816000 r--p 0000b000 fd:00 16842871                   /usr/lib64/libnss_sss.so.2
7f81bf816000-7f81bf817000 rw-p 0000c000 fd:00 16842871                   /usr/lib64/libnss_sss.so.2
7f81bf820000-7f81bf827000 r--s 00000000 fd:00 314053                     /usr/lib64/gconv/gconv-modules.cache
7f81bf827000-7f81bf82a000 rw-p 00000000 00:00 0
7f81bf82a000-7f81bf82b000 r--p 00000000 fd:00 975790                     /usr/lib/jvm/java-17-openjdk-17.0.17.0.10-1.el9.x86_64/lib/libsystemconf.so
7f81bf82b000-7f81bf82c000 r-xp 00001000 fd:00 975790                     /usr/lib/jvm/java-17-openjdk-17.0.17.0.10-1.el9.x86_64/lib/libsystemconf.so
7f81bf82c000-7f81bf82d000 r--p 00002000 fd:00 975790                     /usr/lib/jvm/java-17-openjdk-17.0.17.0.10-1.el9.x86_64/lib/libsystemconf.so
7f81bf82d000-7f81bf82e000 r--p 00002000 fd:00 975790                     /usr/lib/jvm/java-17-openjdk-17.0.17.0.10-1.el9.x86_64/lib/libsystemconf.so
7f81bf82e000-7f81bf82f000 rw-p 00000000 00:00 0
7f81bf82f000-7f81bf837000 rw-s 00000000 fd:00 33834385                   /tmp/hsperfdata_zxovq55/65146
7f81bf837000-7f81bf838000 ---p 00000000 00:00 0
7f81bf838000-7f81bf839000 r--p 00000000 00:00 0
7f81bf839000-7f81bf83a000 ---p 00000000 00:00 0
7f81bf83a000-7f81bf83c000 r--p 00000000 fd:00 975772                     /usr/lib/jvm/java-17-openjdk-17.0.17.0.10-1.el9.x86_64/lib/libjli.so
7f81bf83c000-7f81bf84d000 r-xp 00002000 fd:00 975772                     /usr/lib/jvm/java-17-openjdk-17.0.17.0.10-1.el9.x86_64/lib/libjli.so
7f81bf84d000-7f81bf854000 r--p 00013000 fd:00 975772                     /usr/lib/jvm/java-17-openjdk-17.0.17.0.10-1.el9.x86_64/lib/libjli.so
7f81bf854000-7f81bf855000 r--p 00019000 fd:00 975772                     /usr/lib/jvm/java-17-openjdk-17.0.17.0.10-1.el9.x86_64/lib/libjli.so
7f81bf855000-7f81bf856000 rw-p 0001a000 fd:00 975772                     /usr/lib/jvm/java-17-openjdk-17.0.17.0.10-1.el9.x86_64/lib/libjli.so
7f81bf856000-7f81bf858000 rw-p 00000000 00:00 0
7f81bf858000-7f81bf85a000 r--p 00000000 fd:00 16841205                   /usr/lib64/ld-linux-x86-64.so.2
7f81bf85a000-7f81bf882000 r-xp 00002000 fd:00 16841205                   /usr/lib64/ld-linux-x86-64.so.2
7f81bf882000-7f81bf88e000 r--p 0002a000 fd:00 16841205                   /usr/lib64/ld-linux-x86-64.so.2
7f81bf88e000-7f81bf890000 r--p 00036000 fd:00 16841205                   /usr/lib64/ld-linux-x86-64.so.2
7f81bf890000-7f81bf892000 rw-p 00038000 fd:00 16841205                   /usr/lib64/ld-linux-x86-64.so.2
7ffdb530f000-7ffdb5330000 rw-p 00000000 00:00 0                          [stack]
7ffdb535e000-7ffdb5362000 r--p 00000000 00:00 0                          [vvar]
7ffdb5362000-7ffdb5364000 r-xp 00000000 00:00 0                          [vdso]
ffffffffff600000-ffffffffff601000 --xp 00000000 00:00 0                  [vsyscall]


VM Arguments:
java_command: /home-link/zxovq55/.nextflow/lsp/v25.10/v25.10.1.jar
java_class_path (initial): /home-link/zxovq55/.nextflow/lsp/v25.10/v25.10.1.jar
Launcher Type: SUN_STANDARD

[Global flags]
     intx CICompilerCount                          = 18                                        {product} {ergonomic}
     uint ConcGCThreads                            = 11                                        {product} {ergonomic}
     uint G1ConcRefinementThreads                  = 43                                        {product} {ergonomic}
   size_t G1HeapRegionSize                         = 16777216                                  {product} {ergonomic}
    uintx GCDrainStackTargetSize                   = 64                                        {product} {ergonomic}
   size_t InitialHeapSize                          = 2113929216                                {product} {ergonomic}
   size_t MarkStackSize                            = 4194304                                   {product} {ergonomic}
   size_t MaxHeapSize                              = 32178700288                               {product} {ergonomic}
   size_t MaxNewSize                               = 19293798400                               {product} {ergonomic}
   size_t MinHeapDeltaBytes                        = 16777216                                  {product} {ergonomic}
   size_t MinHeapSize                              = 16777216                                  {product} {ergonomic}
    uintx NonNMethodCodeHeapSize                   = 8782280                                {pd product} {ergonomic}
    uintx NonProfiledCodeHeapSize                  = 121437980                              {pd product} {ergonomic}
    uintx ProfiledCodeHeapSize                     = 121437980                              {pd product} {ergonomic}
    uintx ReservedCodeCacheSize                    = 251658240                              {pd product} {ergonomic}
     bool SegmentedCodeCache                       = true                                      {product} {ergonomic}
   size_t SoftMaxHeapSize                          = 32178700288                            {manageable} {ergonomic}
     bool UseCompressedClassPointers               = true                           {product lp64_product} {ergonomic}
     bool UseCompressedOops                        = true                           {product lp64_product} {ergonomic}
     bool UseG1GC                                  = true                                      {product} {ergonomic}

Logging:
Log output configuration:
 #0: stdout all=warning uptime,level,tags
 #1: stderr all=off uptime,level,tags

Environment Variables:
PATH=/home/zxovq55/.vscode-server/cli/servers/Stable-bf9252a2fb45be6893dd8870c0bf37e2e1766d61/server/bin/remote-cli:/home-link/zxovq55/miniconda3/bin:/home-link/zxovq55/miniconda3/condabin:/home-link/zxovq55/.local/bin:/home-link/zxovq55/bin:/usr/local/bin:/usr/bin:/usr/local/sbin:/usr/sbin
SHELL=/bin/bash
LANG=en_US.UTF-8

Active Locale:
LC_ALL=en_US.UTF-8
LC_COLLATE=en_US.UTF-8
LC_CTYPE=en_US.UTF-8
LC_MESSAGES=en_US.UTF-8
LC_MONETARY=en_US.UTF-8
LC_NUMERIC=en_US.UTF-8
LC_TIME=en_US.UTF-8

Signal Handlers:
   SIGSEGV: crash_handler in libjvm.so, mask=11100100010111111101111111111110, flags=SA_RESTART|SA_SIGINFO, unblocked
    SIGBUS: crash_handler in libjvm.so, mask=11100100010111111101111111111110, flags=SA_RESTART|SA_SIGINFO, unblocked
    SIGFPE: crash_handler in libjvm.so, mask=11100100010111111101111111111110, flags=SA_RESTART|SA_SIGINFO, unblocked
   SIGPIPE: SIG_IGN, mask=00000000000000000000000000000000, flags=none, blocked
  *** Handler was modified!
  *** Expected: javaSignalHandler in libjvm.so, mask=11100100110111111111111111111110, flags=SA_RESTART|SA_SIGINFO
   SIGXFSZ: javaSignalHandler in libjvm.so, mask=11100100010111111101111111111110, flags=SA_RESTART|SA_SIGINFO, blocked
    SIGILL: crash_handler in libjvm.so, mask=11100100010111111101111111111110, flags=SA_RESTART|SA_SIGINFO, unblocked
   SIGUSR2: SR_handler in libjvm.so, mask=00000000000000000000000000000000, flags=SA_RESTART|SA_SIGINFO, blocked
    SIGHUP: UserHandler in libjvm.so, mask=11100100010111111101111111111110, flags=SA_RESTART|SA_SIGINFO, blocked
    SIGINT: UserHandler in libjvm.so, mask=11100100010111111101111111111110, flags=SA_RESTART|SA_SIGINFO, blocked
   SIGTERM: UserHandler in libjvm.so, mask=11100100010111111101111111111110, flags=SA_RESTART|SA_SIGINFO, blocked
   SIGQUIT: UserHandler in libjvm.so, mask=11100100010111111101111111111110, flags=SA_RESTART|SA_SIGINFO, blocked
   SIGTRAP: crash_handler in libjvm.so, mask=11100100010111111101111111111110, flags=SA_RESTART|SA_SIGINFO, unblocked


Periodic native trim disabled


---------------  S Y S T E M  ---------------

OS:
Rocky Linux release 9.7 (Blue Onyx)
uname: Linux 5.14.0-611.13.1.el9_7.x86_64 #1 SMP PREEMPT_DYNAMIC Fri Dec 12 11:55:11 UTC 2025 x86_64
OS uptime: 13 days 4:22 hours
libc: glibc 2.34 NPTL 2.34
rlimit (soft/hard): STACK 8192k/infinity , CORE infinity/infinity , NPROC 512777/512777 , NOFILE 524288/524288 , AS infinity/infinity , CPU infinity/infinity , DATA infinity/infinity , FSIZE infinity/infinity , MEMLOCK 8192k/8192k
load average: 0.74 0.39 0.31

/proc/meminfo:
MemTotal:       131337500 kB
MemFree:        15538824 kB
MemAvailable:   121883184 kB
Buffers:            8208 kB
Cached:         104874032 kB
SwapCached:            0 kB
Active:          4113444 kB
Inactive:       102160084 kB
Active(anon):    1415880 kB
Inactive(anon):        0 kB
Active(file):    2697564 kB
Inactive(file): 102160084 kB
Unevictable:           0 kB
Mlocked:               0 kB
SwapTotal:       8388604 kB
SwapFree:        8388604 kB
Zswap:                 0 kB
Zswapped:              0 kB
Dirty:               100 kB
Writeback:             0 kB
AnonPages:       1373620 kB
Mapped:           531752 kB
Shmem:             24684 kB
KReclaimable:    2548060 kB
Slab:            3327592 kB
SReclaimable:    2548060 kB
SUnreclaim:       779532 kB
KernelStack:       20832 kB
PageTables:        26356 kB
SecPageTables:         0 kB
NFS_Unstable:          0 kB
Bounce:                0 kB
WritebackTmp:          0 kB
CommitLimit:    74057352 kB
Committed_AS:    9016732 kB
VmallocTotal:   34359738367 kB
VmallocUsed:      310544 kB
VmallocChunk:          0 kB
Percpu:            56832 kB
HardwareCorrupted:     0 kB
AnonHugePages:    339968 kB
ShmemHugePages:        0 kB
ShmemPmdMapped:        0 kB
FileHugePages:         0 kB
FilePmdMapped:         0 kB
CmaTotal:              0 kB
CmaFree:               0 kB
Unaccepted:            0 kB
HugePages_Total:       0
HugePages_Free:        0
HugePages_Rsvd:        0
HugePages_Surp:        0
Hugepagesize:       2048 kB
Hugetlb:               0 kB
DirectMap4k:     8401816 kB
DirectMap2M:    81651712 kB
DirectMap1G:    44040192 kB

/sys/kernel/mm/transparent_hugepage/enabled: [always] madvise never
/sys/kernel/mm/transparent_hugepage/hpage_pmd_size: 2097152
/sys/kernel/mm/transparent_hugepage/defrag (defrag/compaction efforts parameter): always defer defer+madvise [madvise] never

Process Memory:
Virtual Size: 36482484K (peak: 36482484K)
Resident Set Size: 102720K (peak: 102720K) (anon: 80124K, file: 22596K, shmem: 0K)
Swapped out: 0K
C-Heap outstanding allocations: 111838K, retained: 5649K
glibc malloc tunables: (default)

/proc/sys/kernel/threads-max (system-wide limit on the number of threads): 1025554
/proc/sys/vm/max_map_count (maximum number of memory map areas a process may have): 65530
/proc/sys/vm/swappiness (control to define how aggressively the kernel swaps out anonymous memory): 60
/proc/sys/kernel/pid_max (system-wide limit on number of process identifiers): 4194304

container (cgroup) information:
container_type: cgroupv2
cpu_cpuset_cpus: not supported
cpu_memory_nodes: not supported
active_processor_count: 64
cpu_quota: not supported
cpu_period: not supported
cpu_shares: not supported
memory_limit_in_bytes: unlimited
memory_and_swap_limit_in_bytes: unlimited
memory_soft_limit_in_bytes: 0
memory_usage_in_bytes: 3643052 k
memory_max_usage_in_bytes: not supported
rss_usage_in_bytes: 875348 k
cache_usage_in_bytes: 2654272 k
memory_swap_current_in_bytes: 0
memory_swap_max_limit_in_bytes: unlimited
maximum number of tasks: unlimited
current number of tasks: 136

Steal ticks since vm start: 0
Steal ticks percentage since vm start:  0.000

CPU: total 64 (initial active 64) (64 cores per cpu, 2 threads per core) family 23 model 8 stepping 2 microcode 0x800820d, cx8, cmov, fxsr, ht, mmx, 3dnowpref, sse, sse2, sse3, ssse3, sse4a, sse4.1, sse4.2, popcnt, lzcnt, tsc, tscinvbit, avx, avx2, aes, clmul, bmi1, bmi2, adx, sha, fma, vzeroupper, clflush, clflushopt
CPU Model and flags from /proc/cpuinfo:
model name	: AMD Ryzen Threadripper 2990WX 32-Core Processor
flags		: fpu vme de pse tsc msr pae mce cx8 apic sep mtrr pge mca cmov pat pse36 clflush mmx fxsr sse sse2 ht syscall nx mmxext fxsr_opt pdpe1gb rdtscp lm constant_tsc rep_good nopl nonstop_tsc cpuid extd_apicid amd_dcm aperfmperf rapl pni pclmulqdq monitor ssse3 fma cx16 sse4_1 sse4_2 movbe popcnt aes xsave avx f16c rdrand lahf_lm cmp_legacy svm extapic cr8_legacy abm sse4a misalignsse 3dnowprefetch osvw skinit wdt tce topoext perfctr_core perfctr_nb bpext perfctr_llc mwaitx cpb hw_pstate ssbd ibpb vmmcall fsgsbase bmi1 avx2 smep bmi2 rdseed adx smap clflushopt sha_ni xsaveopt xsavec xgetbv1 clzero xsaveerptr arat npt lbrv svm_lock nrip_save tsc_scale vmcb_clean flushbyasid decodeassists pausefilter pfthreshold avic v_vmsave_vmload vgif overflow_recov succor smca sev sev_es

Online cpus: 0-63
Offline cpus:
BIOS frequency limitation: 3000000
Frequency switch latency (ns): 0
Available cpu frequencies: 3000000 2800000 2200000
Current governor: performance
Core performance/turbo boost: 1

Memory: 4k page, physical 131337500k(15537816k free), swap 8388604k(8388604k free)
Page Sizes: 4k

vm_info: OpenJDK 64-Bit Server VM (17.0.17+10-LTS) for linux-amd64 JRE (17.0.17+10-LTS), built on Oct 21 2025 00:00:00 by "mockbuild" with gcc 11.5.0 20240719 (Red Hat 11.5.0-5)

END.
